2018-10-19 09:15:15,966 1 INFO ? odoo: Odoo version 11.0-20180808
2018-10-19 09:15:15,966 1 INFO ? odoo: Using configuration file at /etc/odoo/odoo.conf
2018-10-19 09:15:15,966 1 INFO ? odoo: addons paths: ['/var/lib/odoo/addons/11.0', '/mnt/extra-addons', '/usr/lib/python3/dist-packages/odoo/addons']
2018-10-19 09:15:15,967 1 INFO ? odoo: database: odoo@db:5432
2018-10-19 09:15:15,976 1 INFO ? odoo.service.server: HTTP service (werkzeug) running on de7e9747a188:8069
2018-10-19 09:15:16,057 1 INFO ? odoo.addons.base.ir.ir_actions_report: Will use the Wkhtmltopdf binary at /usr/local/bin/wkhtmltopdf
2018-10-19 09:15:23,289 1 INFO odoo odoo.modules.loading: loading 1 modules...
2018-10-19 09:15:23,303 1 INFO odoo odoo.modules.loading: 1 modules loaded in 0.01s, 0 queries
2018-10-19 09:15:23,429 1 INFO odoo odoo.modules.loading: Modules loaded.
2018-10-19 09:15:23,434 1 INFO odoo odoo.addons.base.ir.ir_http: Generating routing map
2018-10-19 09:15:23,465 1 INFO odoo werkzeug: 172.24.0.1 - - [19/Oct/2018 09:15:23] "GET /robots.txt HTTP/1.1" 404 -
2018-10-19 09:15:24,005 1 INFO ? odoo.addons.sms.wizard.send_sms: The `phonenumbers` Python module is not available. Phone number validation will be skipped. Try `pip3 install phonenumbers` to install it.
2018-10-19 09:15:24,228 1 INFO ? odoo.http: HTTP Configuring static files
2018-10-19 09:15:24,403 1 INFO odoo werkzeug: 172.24.0.1 - - [19/Oct/2018 09:15:24] "GET /web/login HTTP/1.1" 500 -
2018-10-19 09:15:24,411 1 ERROR odoo werkzeug: Error on request:
Traceback (most recent call last):
  File "/usr/lib/python3/dist-packages/werkzeug/serving.py", line 205, in run_wsgi
    execute(self.server.app)
  File "/usr/lib/python3/dist-packages/werkzeug/serving.py", line 193, in execute
    application_iter = app(environ, start_response)
  File "/usr/lib/python3/dist-packages/odoo/service/server.py", line 250, in app
    return self.app(e, s)
  File "/usr/lib/python3/dist-packages/odoo/service/wsgi_server.py", line 166, in application
    return application_unproxied(environ, start_response)
  File "/usr/lib/python3/dist-packages/odoo/service/wsgi_server.py", line 154, in application_unproxied
    result = handler(environ, start_response)
  File "/usr/lib/python3/dist-packages/odoo/http.py", line 1318, in __call__
    return self.dispatch(environ, start_response)
  File "/usr/lib/python3/dist-packages/odoo/http.py", line 1292, in __call__
    return self.app(environ, start_wrapped)
  File "/usr/lib/python3/dist-packages/werkzeug/wsgi.py", line 599, in __call__
    return self.app(environ, start_response)
  File "/usr/lib/python3/dist-packages/odoo/http.py", line 1490, in dispatch
    result = ir_http._dispatch()
  File "/usr/lib/python3/dist-packages/odoo/addons/base/ir/ir_http.py", line 212, in _dispatch
    return cls._handle_exception(e)
  File "/usr/lib/python3/dist-packages/odoo/addons/base/ir/ir_http.py", line 182, in _handle_exception
    return request._handle_exception(exception)
  File "/usr/lib/python3/dist-packages/odoo/http.py", line 770, in _handle_exception
    return super(HttpRequest, self)._handle_exception(exception)
  File "/usr/lib/python3/dist-packages/odoo/http.py", line 310, in _handle_exception
    raise pycompat.reraise(type(exception), exception, sys.exc_info()[2])
  File "/usr/lib/python3/dist-packages/odoo/tools/pycompat.py", line 87, in reraise
    raise value
  File "/usr/lib/python3/dist-packages/odoo/addons/base/ir/ir_http.py", line 208, in _dispatch
    result = request.dispatch()
  File "/usr/lib/python3/dist-packages/odoo/http.py", line 829, in dispatch
    r = self._call_function(**self.params)
  File "/usr/lib/python3/dist-packages/odoo/http.py", line 342, in _call_function
    return checked_call(self.db, *args, **kwargs)
  File "/usr/lib/python3/dist-packages/odoo/service/model.py", line 97, in wrapper
    return f(dbname, *args, **kwargs)
  File "/usr/lib/python3/dist-packages/odoo/http.py", line 338, in checked_call
    result.flatten()
  File "/usr/lib/python3/dist-packages/odoo/http.py", line 1269, in flatten
    self.response.append(self.render())
  File "/usr/lib/python3/dist-packages/odoo/http.py", line 1262, in render
    return env["ir.ui.view"].render_template(self.template, self.qcontext)
  File "/usr/lib/python3/dist-packages/odoo/addons/base/ir/ir_ui_view.py", line 1195, in render_template
    return self.browse(self.get_view_id(template)).render(values, engine)
  File "/usr/lib/python3/dist-packages/odoo/addons/base/ir/ir_ui_view.py", line 1102, in get_view_id
    return self.env['ir.model.data'].xmlid_to_res_id(template, raise_if_not_found=True)
  File "/usr/lib/python3/dist-packages/odoo/addons/base/ir/ir_model.py", line 1343, in xmlid_to_res_id
    return self.xmlid_to_res_model_res_id(xmlid, raise_if_not_found)[1]
  File "/usr/lib/python3/dist-packages/odoo/addons/base/ir/ir_model.py", line 1334, in xmlid_to_res_model_res_id
    return self.xmlid_lookup(xmlid)[1:3]
  File "<decorator-gen-21>", line 2, in xmlid_lookup
    
  File "/usr/lib/python3/dist-packages/odoo/tools/cache.py", line 89, in lookup
    value = d[key] = self.method(*args, **kwargs)
  File "/usr/lib/python3/dist-packages/odoo/addons/base/ir/ir_model.py", line 1323, in xmlid_lookup
    raise ValueError('External ID not found in the system: %s' % xmlid)
ValueError: External ID not found in the system: web.login
2018-10-19 09:15:43,659 1 INFO odoo werkzeug: 172.24.0.1 - - [19/Oct/2018 09:15:43] "GET /web/login HTTP/1.1" 500 -
2018-10-19 09:15:43,669 1 ERROR odoo werkzeug: Error on request:
Traceback (most recent call last):
  File "/usr/lib/python3/dist-packages/werkzeug/serving.py", line 205, in run_wsgi
    execute(self.server.app)
  File "/usr/lib/python3/dist-packages/werkzeug/serving.py", line 193, in execute
    application_iter = app(environ, start_response)
  File "/usr/lib/python3/dist-packages/odoo/service/server.py", line 250, in app
    return self.app(e, s)
  File "/usr/lib/python3/dist-packages/odoo/service/wsgi_server.py", line 166, in application
    return application_unproxied(environ, start_response)
  File "/usr/lib/python3/dist-packages/odoo/service/wsgi_server.py", line 154, in application_unproxied
    result = handler(environ, start_response)
  File "/usr/lib/python3/dist-packages/odoo/http.py", line 1318, in __call__
    return self.dispatch(environ, start_response)
  File "/usr/lib/python3/dist-packages/odoo/http.py", line 1292, in __call__
    return self.app(environ, start_wrapped)
  File "/usr/lib/python3/dist-packages/werkzeug/wsgi.py", line 599, in __call__
    return self.app(environ, start_response)
  File "/usr/lib/python3/dist-packages/odoo/http.py", line 1490, in dispatch
    result = ir_http._dispatch()
  File "/usr/lib/python3/dist-packages/odoo/addons/base/ir/ir_http.py", line 212, in _dispatch
    return cls._handle_exception(e)
  File "/usr/lib/python3/dist-packages/odoo/addons/base/ir/ir_http.py", line 182, in _handle_exception
    return request._handle_exception(exception)
  File "/usr/lib/python3/dist-packages/odoo/http.py", line 770, in _handle_exception
    return super(HttpRequest, self)._handle_exception(exception)
  File "/usr/lib/python3/dist-packages/odoo/http.py", line 310, in _handle_exception
    raise pycompat.reraise(type(exception), exception, sys.exc_info()[2])
  File "/usr/lib/python3/dist-packages/odoo/tools/pycompat.py", line 87, in reraise
    raise value
  File "/usr/lib/python3/dist-packages/odoo/addons/base/ir/ir_http.py", line 208, in _dispatch
    result = request.dispatch()
  File "/usr/lib/python3/dist-packages/odoo/http.py", line 829, in dispatch
    r = self._call_function(**self.params)
  File "/usr/lib/python3/dist-packages/odoo/http.py", line 342, in _call_function
    return checked_call(self.db, *args, **kwargs)
  File "/usr/lib/python3/dist-packages/odoo/service/model.py", line 97, in wrapper
    return f(dbname, *args, **kwargs)
  File "/usr/lib/python3/dist-packages/odoo/http.py", line 338, in checked_call
    result.flatten()
  File "/usr/lib/python3/dist-packages/odoo/http.py", line 1269, in flatten
    self.response.append(self.render())
  File "/usr/lib/python3/dist-packages/odoo/http.py", line 1262, in render
    return env["ir.ui.view"].render_template(self.template, self.qcontext)
  File "/usr/lib/python3/dist-packages/odoo/addons/base/ir/ir_ui_view.py", line 1195, in render_template
    return self.browse(self.get_view_id(template)).render(values, engine)
  File "/usr/lib/python3/dist-packages/odoo/addons/base/ir/ir_ui_view.py", line 1102, in get_view_id
    return self.env['ir.model.data'].xmlid_to_res_id(template, raise_if_not_found=True)
  File "/usr/lib/python3/dist-packages/odoo/addons/base/ir/ir_model.py", line 1343, in xmlid_to_res_id
    return self.xmlid_to_res_model_res_id(xmlid, raise_if_not_found)[1]
  File "/usr/lib/python3/dist-packages/odoo/addons/base/ir/ir_model.py", line 1334, in xmlid_to_res_model_res_id
    return self.xmlid_lookup(xmlid)[1:3]
  File "<decorator-gen-21>", line 2, in xmlid_lookup
    
  File "/usr/lib/python3/dist-packages/odoo/tools/cache.py", line 89, in lookup
    value = d[key] = self.method(*args, **kwargs)
  File "/usr/lib/python3/dist-packages/odoo/addons/base/ir/ir_model.py", line 1323, in xmlid_lookup
    raise ValueError('External ID not found in the system: %s' % xmlid)
ValueError: External ID not found in the system: web.login
2018-10-19 09:15:44,327 1 INFO odoo werkzeug: 172.24.0.1 - - [19/Oct/2018 09:15:44] "GET /web/login HTTP/1.1" 500 -
2018-10-19 09:15:44,355 1 ERROR odoo werkzeug: Error on request:
Traceback (most recent call last):
  File "/usr/lib/python3/dist-packages/werkzeug/serving.py", line 205, in run_wsgi
    execute(self.server.app)
  File "/usr/lib/python3/dist-packages/werkzeug/serving.py", line 193, in execute
    application_iter = app(environ, start_response)
  File "/usr/lib/python3/dist-packages/odoo/service/server.py", line 250, in app
    return self.app(e, s)
  File "/usr/lib/python3/dist-packages/odoo/service/wsgi_server.py", line 166, in application
    return application_unproxied(environ, start_response)
  File "/usr/lib/python3/dist-packages/odoo/service/wsgi_server.py", line 154, in application_unproxied
    result = handler(environ, start_response)
  File "/usr/lib/python3/dist-packages/odoo/http.py", line 1318, in __call__
    return self.dispatch(environ, start_response)
  File "/usr/lib/python3/dist-packages/odoo/http.py", line 1292, in __call__
    return self.app(environ, start_wrapped)
  File "/usr/lib/python3/dist-packages/werkzeug/wsgi.py", line 599, in __call__
    return self.app(environ, start_response)
  File "/usr/lib/python3/dist-packages/odoo/http.py", line 1490, in dispatch
    result = ir_http._dispatch()
  File "/usr/lib/python3/dist-packages/odoo/addons/base/ir/ir_http.py", line 212, in _dispatch
    return cls._handle_exception(e)
  File "/usr/lib/python3/dist-packages/odoo/addons/base/ir/ir_http.py", line 182, in _handle_exception
    return request._handle_exception(exception)
  File "/usr/lib/python3/dist-packages/odoo/http.py", line 770, in _handle_exception
    return super(HttpRequest, self)._handle_exception(exception)
  File "/usr/lib/python3/dist-packages/odoo/http.py", line 310, in _handle_exception
    raise pycompat.reraise(type(exception), exception, sys.exc_info()[2])
  File "/usr/lib/python3/dist-packages/odoo/tools/pycompat.py", line 87, in reraise
    raise value
  File "/usr/lib/python3/dist-packages/odoo/addons/base/ir/ir_http.py", line 208, in _dispatch
    result = request.dispatch()
  File "/usr/lib/python3/dist-packages/odoo/http.py", line 829, in dispatch
    r = self._call_function(**self.params)
  File "/usr/lib/python3/dist-packages/odoo/http.py", line 342, in _call_function
    return checked_call(self.db, *args, **kwargs)
  File "/usr/lib/python3/dist-packages/odoo/service/model.py", line 97, in wrapper
    return f(dbname, *args, **kwargs)
  File "/usr/lib/python3/dist-packages/odoo/http.py", line 338, in checked_call
    result.flatten()
  File "/usr/lib/python3/dist-packages/odoo/http.py", line 1269, in flatten
    self.response.append(self.render())
  File "/usr/lib/python3/dist-packages/odoo/http.py", line 1262, in render
    return env["ir.ui.view"].render_template(self.template, self.qcontext)
  File "/usr/lib/python3/dist-packages/odoo/addons/base/ir/ir_ui_view.py", line 1195, in render_template
    return self.browse(self.get_view_id(template)).render(values, engine)
  File "/usr/lib/python3/dist-packages/odoo/addons/base/ir/ir_ui_view.py", line 1102, in get_view_id
    return self.env['ir.model.data'].xmlid_to_res_id(template, raise_if_not_found=True)
  File "/usr/lib/python3/dist-packages/odoo/addons/base/ir/ir_model.py", line 1343, in xmlid_to_res_id
    return self.xmlid_to_res_model_res_id(xmlid, raise_if_not_found)[1]
  File "/usr/lib/python3/dist-packages/odoo/addons/base/ir/ir_model.py", line 1334, in xmlid_to_res_model_res_id
    return self.xmlid_lookup(xmlid)[1:3]
  File "<decorator-gen-21>", line 2, in xmlid_lookup
    
  File "/usr/lib/python3/dist-packages/odoo/tools/cache.py", line 89, in lookup
    value = d[key] = self.method(*args, **kwargs)
  File "/usr/lib/python3/dist-packages/odoo/addons/base/ir/ir_model.py", line 1323, in xmlid_lookup
    raise ValueError('External ID not found in the system: %s' % xmlid)
ValueError: External ID not found in the system: web.login
2018-10-19 09:15:48,174 1 INFO odoo werkzeug: 172.24.0.1 - - [19/Oct/2018 09:15:48] "POST /web/dataset/call HTTP/1.1" 200 -
2018-10-19 09:15:48,258 1 INFO odoo werkzeug: 172.24.0.1 - - [19/Oct/2018 09:15:48] "POST /web/webclient/translations HTTP/1.1" 200 -
2018-10-19 09:15:49,378 1 INFO odoo werkzeug: 172.24.0.1 - - [19/Oct/2018 09:15:49] "GET /web?debug HTTP/1.1" 303 -
2018-10-19 09:15:49,443 1 INFO odoo werkzeug: 172.24.0.1 - - [19/Oct/2018 09:15:49] "GET /web/login HTTP/1.1" 500 -
2018-10-19 09:15:49,467 1 ERROR odoo werkzeug: Error on request:
Traceback (most recent call last):
  File "/usr/lib/python3/dist-packages/werkzeug/serving.py", line 205, in run_wsgi
    execute(self.server.app)
  File "/usr/lib/python3/dist-packages/werkzeug/serving.py", line 193, in execute
    application_iter = app(environ, start_response)
  File "/usr/lib/python3/dist-packages/odoo/service/server.py", line 250, in app
    return self.app(e, s)
  File "/usr/lib/python3/dist-packages/odoo/service/wsgi_server.py", line 166, in application
    return application_unproxied(environ, start_response)
  File "/usr/lib/python3/dist-packages/odoo/service/wsgi_server.py", line 154, in application_unproxied
    result = handler(environ, start_response)
  File "/usr/lib/python3/dist-packages/odoo/http.py", line 1318, in __call__
    return self.dispatch(environ, start_response)
  File "/usr/lib/python3/dist-packages/odoo/http.py", line 1292, in __call__
    return self.app(environ, start_wrapped)
  File "/usr/lib/python3/dist-packages/werkzeug/wsgi.py", line 599, in __call__
    return self.app(environ, start_response)
  File "/usr/lib/python3/dist-packages/odoo/http.py", line 1490, in dispatch
    result = ir_http._dispatch()
  File "/usr/lib/python3/dist-packages/odoo/addons/base/ir/ir_http.py", line 212, in _dispatch
    return cls._handle_exception(e)
  File "/usr/lib/python3/dist-packages/odoo/addons/base/ir/ir_http.py", line 182, in _handle_exception
    return request._handle_exception(exception)
  File "/usr/lib/python3/dist-packages/odoo/http.py", line 770, in _handle_exception
    return super(HttpRequest, self)._handle_exception(exception)
  File "/usr/lib/python3/dist-packages/odoo/http.py", line 310, in _handle_exception
    raise pycompat.reraise(type(exception), exception, sys.exc_info()[2])
  File "/usr/lib/python3/dist-packages/odoo/tools/pycompat.py", line 87, in reraise
    raise value
  File "/usr/lib/python3/dist-packages/odoo/addons/base/ir/ir_http.py", line 208, in _dispatch
    result = request.dispatch()
  File "/usr/lib/python3/dist-packages/odoo/http.py", line 829, in dispatch
    r = self._call_function(**self.params)
  File "/usr/lib/python3/dist-packages/odoo/http.py", line 342, in _call_function
    return checked_call(self.db, *args, **kwargs)
  File "/usr/lib/python3/dist-packages/odoo/service/model.py", line 97, in wrapper
    return f(dbname, *args, **kwargs)
  File "/usr/lib/python3/dist-packages/odoo/http.py", line 338, in checked_call
    result.flatten()
  File "/usr/lib/python3/dist-packages/odoo/http.py", line 1269, in flatten
    self.response.append(self.render())
  File "/usr/lib/python3/dist-packages/odoo/http.py", line 1262, in render
    return env["ir.ui.view"].render_template(self.template, self.qcontext)
  File "/usr/lib/python3/dist-packages/odoo/addons/base/ir/ir_ui_view.py", line 1195, in render_template
    return self.browse(self.get_view_id(template)).render(values, engine)
  File "/usr/lib/python3/dist-packages/odoo/addons/base/ir/ir_ui_view.py", line 1102, in get_view_id
    return self.env['ir.model.data'].xmlid_to_res_id(template, raise_if_not_found=True)
  File "/usr/lib/python3/dist-packages/odoo/addons/base/ir/ir_model.py", line 1343, in xmlid_to_res_id
    return self.xmlid_to_res_model_res_id(xmlid, raise_if_not_found)[1]
  File "/usr/lib/python3/dist-packages/odoo/addons/base/ir/ir_model.py", line 1334, in xmlid_to_res_model_res_id
    return self.xmlid_lookup(xmlid)[1:3]
  File "<decorator-gen-21>", line 2, in xmlid_lookup
    
  File "/usr/lib/python3/dist-packages/odoo/tools/cache.py", line 89, in lookup
    value = d[key] = self.method(*args, **kwargs)
  File "/usr/lib/python3/dist-packages/odoo/addons/base/ir/ir_model.py", line 1323, in xmlid_lookup
    raise ValueError('External ID not found in the system: %s' % xmlid)
ValueError: External ID not found in the system: web.login
2018-10-19 09:15:50,157 1 INFO odoo werkzeug: 172.24.0.1 - - [19/Oct/2018 09:15:50] "GET /web/login HTTP/1.1" 500 -
2018-10-19 09:15:50,179 1 ERROR odoo werkzeug: Error on request:
Traceback (most recent call last):
  File "/usr/lib/python3/dist-packages/werkzeug/serving.py", line 205, in run_wsgi
    execute(self.server.app)
  File "/usr/lib/python3/dist-packages/werkzeug/serving.py", line 193, in execute
    application_iter = app(environ, start_response)
  File "/usr/lib/python3/dist-packages/odoo/service/server.py", line 250, in app
    return self.app(e, s)
  File "/usr/lib/python3/dist-packages/odoo/service/wsgi_server.py", line 166, in application
    return application_unproxied(environ, start_response)
  File "/usr/lib/python3/dist-packages/odoo/service/wsgi_server.py", line 154, in application_unproxied
    result = handler(environ, start_response)
  File "/usr/lib/python3/dist-packages/odoo/http.py", line 1318, in __call__
    return self.dispatch(environ, start_response)
  File "/usr/lib/python3/dist-packages/odoo/http.py", line 1292, in __call__
    return self.app(environ, start_wrapped)
  File "/usr/lib/python3/dist-packages/werkzeug/wsgi.py", line 599, in __call__
    return self.app(environ, start_response)
  File "/usr/lib/python3/dist-packages/odoo/http.py", line 1490, in dispatch
    result = ir_http._dispatch()
  File "/usr/lib/python3/dist-packages/odoo/addons/base/ir/ir_http.py", line 212, in _dispatch
    return cls._handle_exception(e)
  File "/usr/lib/python3/dist-packages/odoo/addons/base/ir/ir_http.py", line 182, in _handle_exception
    return request._handle_exception(exception)
  File "/usr/lib/python3/dist-packages/odoo/http.py", line 770, in _handle_exception
    return super(HttpRequest, self)._handle_exception(exception)
  File "/usr/lib/python3/dist-packages/odoo/http.py", line 310, in _handle_exception
    raise pycompat.reraise(type(exception), exception, sys.exc_info()[2])
  File "/usr/lib/python3/dist-packages/odoo/tools/pycompat.py", line 87, in reraise
    raise value
  File "/usr/lib/python3/dist-packages/odoo/addons/base/ir/ir_http.py", line 208, in _dispatch
    result = request.dispatch()
  File "/usr/lib/python3/dist-packages/odoo/http.py", line 829, in dispatch
    r = self._call_function(**self.params)
  File "/usr/lib/python3/dist-packages/odoo/http.py", line 342, in _call_function
    return checked_call(self.db, *args, **kwargs)
  File "/usr/lib/python3/dist-packages/odoo/service/model.py", line 97, in wrapper
    return f(dbname, *args, **kwargs)
  File "/usr/lib/python3/dist-packages/odoo/http.py", line 338, in checked_call
    result.flatten()
  File "/usr/lib/python3/dist-packages/odoo/http.py", line 1269, in flatten
    self.response.append(self.render())
  File "/usr/lib/python3/dist-packages/odoo/http.py", line 1262, in render
    return env["ir.ui.view"].render_template(self.template, self.qcontext)
  File "/usr/lib/python3/dist-packages/odoo/addons/base/ir/ir_ui_view.py", line 1195, in render_template
    return self.browse(self.get_view_id(template)).render(values, engine)
  File "/usr/lib/python3/dist-packages/odoo/addons/base/ir/ir_ui_view.py", line 1102, in get_view_id
    return self.env['ir.model.data'].xmlid_to_res_id(template, raise_if_not_found=True)
  File "/usr/lib/python3/dist-packages/odoo/addons/base/ir/ir_model.py", line 1343, in xmlid_to_res_id
    return self.xmlid_to_res_model_res_id(xmlid, raise_if_not_found)[1]
  File "/usr/lib/python3/dist-packages/odoo/addons/base/ir/ir_model.py", line 1334, in xmlid_to_res_model_res_id
    return self.xmlid_lookup(xmlid)[1:3]
  File "<decorator-gen-21>", line 2, in xmlid_lookup
    
  File "/usr/lib/python3/dist-packages/odoo/tools/cache.py", line 89, in lookup
    value = d[key] = self.method(*args, **kwargs)
  File "/usr/lib/python3/dist-packages/odoo/addons/base/ir/ir_model.py", line 1323, in xmlid_lookup
    raise ValueError('External ID not found in the system: %s' % xmlid)
ValueError: External ID not found in the system: web.login
2018-10-19 09:15:51,099 1 INFO odoo werkzeug: 172.24.0.1 - - [19/Oct/2018 09:15:51] "GET /web/login HTTP/1.1" 500 -
2018-10-19 09:15:51,123 1 ERROR odoo werkzeug: Error on request:
Traceback (most recent call last):
  File "/usr/lib/python3/dist-packages/werkzeug/serving.py", line 205, in run_wsgi
    execute(self.server.app)
  File "/usr/lib/python3/dist-packages/werkzeug/serving.py", line 193, in execute
    application_iter = app(environ, start_response)
  File "/usr/lib/python3/dist-packages/odoo/service/server.py", line 250, in app
    return self.app(e, s)
  File "/usr/lib/python3/dist-packages/odoo/service/wsgi_server.py", line 166, in application
    return application_unproxied(environ, start_response)
  File "/usr/lib/python3/dist-packages/odoo/service/wsgi_server.py", line 154, in application_unproxied
    result = handler(environ, start_response)
  File "/usr/lib/python3/dist-packages/odoo/http.py", line 1318, in __call__
    return self.dispatch(environ, start_response)
  File "/usr/lib/python3/dist-packages/odoo/http.py", line 1292, in __call__
    return self.app(environ, start_wrapped)
  File "/usr/lib/python3/dist-packages/werkzeug/wsgi.py", line 599, in __call__
    return self.app(environ, start_response)
  File "/usr/lib/python3/dist-packages/odoo/http.py", line 1490, in dispatch
    result = ir_http._dispatch()
  File "/usr/lib/python3/dist-packages/odoo/addons/base/ir/ir_http.py", line 212, in _dispatch
    return cls._handle_exception(e)
  File "/usr/lib/python3/dist-packages/odoo/addons/base/ir/ir_http.py", line 182, in _handle_exception
    return request._handle_exception(exception)
  File "/usr/lib/python3/dist-packages/odoo/http.py", line 770, in _handle_exception
    return super(HttpRequest, self)._handle_exception(exception)
  File "/usr/lib/python3/dist-packages/odoo/http.py", line 310, in _handle_exception
    raise pycompat.reraise(type(exception), exception, sys.exc_info()[2])
  File "/usr/lib/python3/dist-packages/odoo/tools/pycompat.py", line 87, in reraise
    raise value
  File "/usr/lib/python3/dist-packages/odoo/addons/base/ir/ir_http.py", line 208, in _dispatch
    result = request.dispatch()
  File "/usr/lib/python3/dist-packages/odoo/http.py", line 829, in dispatch
    r = self._call_function(**self.params)
  File "/usr/lib/python3/dist-packages/odoo/http.py", line 342, in _call_function
    return checked_call(self.db, *args, **kwargs)
  File "/usr/lib/python3/dist-packages/odoo/service/model.py", line 97, in wrapper
    return f(dbname, *args, **kwargs)
  File "/usr/lib/python3/dist-packages/odoo/http.py", line 338, in checked_call
    result.flatten()
  File "/usr/lib/python3/dist-packages/odoo/http.py", line 1269, in flatten
    self.response.append(self.render())
  File "/usr/lib/python3/dist-packages/odoo/http.py", line 1262, in render
    return env["ir.ui.view"].render_template(self.template, self.qcontext)
  File "/usr/lib/python3/dist-packages/odoo/addons/base/ir/ir_ui_view.py", line 1195, in render_template
    return self.browse(self.get_view_id(template)).render(values, engine)
  File "/usr/lib/python3/dist-packages/odoo/addons/base/ir/ir_ui_view.py", line 1102, in get_view_id
    return self.env['ir.model.data'].xmlid_to_res_id(template, raise_if_not_found=True)
  File "/usr/lib/python3/dist-packages/odoo/addons/base/ir/ir_model.py", line 1343, in xmlid_to_res_id
    return self.xmlid_to_res_model_res_id(xmlid, raise_if_not_found)[1]
  File "/usr/lib/python3/dist-packages/odoo/addons/base/ir/ir_model.py", line 1334, in xmlid_to_res_model_res_id
    return self.xmlid_lookup(xmlid)[1:3]
  File "<decorator-gen-21>", line 2, in xmlid_lookup
    
  File "/usr/lib/python3/dist-packages/odoo/tools/cache.py", line 89, in lookup
    value = d[key] = self.method(*args, **kwargs)
  File "/usr/lib/python3/dist-packages/odoo/addons/base/ir/ir_model.py", line 1323, in xmlid_lookup
    raise ValueError('External ID not found in the system: %s' % xmlid)
ValueError: External ID not found in the system: web.login
2018-10-19 09:16:14,555 1 INFO ? odoo.service.server: Initiating shutdown
2018-10-19 09:16:14,555 1 INFO ? odoo.service.server: Hit CTRL-C again or send a second signal to force the shutdown.
2018-10-19 09:17:13,225 1 INFO ? odoo: Odoo version 11.0-20180808
2018-10-19 09:17:13,226 1 INFO ? odoo: Using configuration file at /etc/odoo/odoo.conf
2018-10-19 09:17:13,226 1 INFO ? odoo: addons paths: ['/var/lib/odoo/addons/11.0', '/mnt/extra-addons', '/usr/lib/python3/dist-packages/odoo/addons']
2018-10-19 09:17:13,226 1 INFO ? odoo: database: odoo@db:5432
2018-10-19 09:17:13,236 1 INFO ? odoo.service.server: HTTP service (werkzeug) running on 674fc91250ba:8069
2018-10-19 09:17:13,325 1 INFO ? odoo.addons.base.ir.ir_actions_report: Will use the Wkhtmltopdf binary at /usr/local/bin/wkhtmltopdf
2018-10-19 09:17:24,514 1 INFO ? odoo.addons.sms.wizard.send_sms: The `phonenumbers` Python module is not available. Phone number validation will be skipped. Try `pip3 install phonenumbers` to install it.
2018-10-19 09:17:24,691 1 INFO ? odoo.http: HTTP Configuring static files
2018-10-19 09:17:24,711 1 INFO odoo odoo.modules.loading: loading 1 modules...
2018-10-19 09:17:24,724 1 INFO odoo odoo.modules.loading: 1 modules loaded in 0.01s, 0 queries
2018-10-19 09:17:24,845 1 INFO odoo odoo.modules.loading: Modules loaded.
2018-10-19 09:17:24,847 1 INFO odoo odoo.addons.base.ir.ir_http: Generating routing map
2018-10-19 09:17:25,046 1 INFO odoo werkzeug: 172.24.0.1 - - [19/Oct/2018 09:17:25] "GET /web/login HTTP/1.1" 500 -
2018-10-19 09:17:25,054 1 ERROR odoo werkzeug: Error on request:
Traceback (most recent call last):
  File "/usr/lib/python3/dist-packages/werkzeug/serving.py", line 205, in run_wsgi
    execute(self.server.app)
  File "/usr/lib/python3/dist-packages/werkzeug/serving.py", line 193, in execute
    application_iter = app(environ, start_response)
  File "/usr/lib/python3/dist-packages/odoo/service/server.py", line 250, in app
    return self.app(e, s)
  File "/usr/lib/python3/dist-packages/odoo/service/wsgi_server.py", line 166, in application
    return application_unproxied(environ, start_response)
  File "/usr/lib/python3/dist-packages/odoo/service/wsgi_server.py", line 154, in application_unproxied
    result = handler(environ, start_response)
  File "/usr/lib/python3/dist-packages/odoo/http.py", line 1318, in __call__
    return self.dispatch(environ, start_response)
  File "/usr/lib/python3/dist-packages/odoo/http.py", line 1292, in __call__
    return self.app(environ, start_wrapped)
  File "/usr/lib/python3/dist-packages/werkzeug/wsgi.py", line 599, in __call__
    return self.app(environ, start_response)
  File "/usr/lib/python3/dist-packages/odoo/http.py", line 1490, in dispatch
    result = ir_http._dispatch()
  File "/usr/lib/python3/dist-packages/odoo/addons/base/ir/ir_http.py", line 212, in _dispatch
    return cls._handle_exception(e)
  File "/usr/lib/python3/dist-packages/odoo/addons/base/ir/ir_http.py", line 182, in _handle_exception
    return request._handle_exception(exception)
  File "/usr/lib/python3/dist-packages/odoo/http.py", line 770, in _handle_exception
    return super(HttpRequest, self)._handle_exception(exception)
  File "/usr/lib/python3/dist-packages/odoo/http.py", line 310, in _handle_exception
    raise pycompat.reraise(type(exception), exception, sys.exc_info()[2])
  File "/usr/lib/python3/dist-packages/odoo/tools/pycompat.py", line 87, in reraise
    raise value
  File "/usr/lib/python3/dist-packages/odoo/addons/base/ir/ir_http.py", line 208, in _dispatch
    result = request.dispatch()
  File "/usr/lib/python3/dist-packages/odoo/http.py", line 829, in dispatch
    r = self._call_function(**self.params)
  File "/usr/lib/python3/dist-packages/odoo/http.py", line 342, in _call_function
    return checked_call(self.db, *args, **kwargs)
  File "/usr/lib/python3/dist-packages/odoo/service/model.py", line 97, in wrapper
    return f(dbname, *args, **kwargs)
  File "/usr/lib/python3/dist-packages/odoo/http.py", line 338, in checked_call
    result.flatten()
  File "/usr/lib/python3/dist-packages/odoo/http.py", line 1269, in flatten
    self.response.append(self.render())
  File "/usr/lib/python3/dist-packages/odoo/http.py", line 1262, in render
    return env["ir.ui.view"].render_template(self.template, self.qcontext)
  File "/usr/lib/python3/dist-packages/odoo/addons/base/ir/ir_ui_view.py", line 1195, in render_template
    return self.browse(self.get_view_id(template)).render(values, engine)
  File "/usr/lib/python3/dist-packages/odoo/addons/base/ir/ir_ui_view.py", line 1102, in get_view_id
    return self.env['ir.model.data'].xmlid_to_res_id(template, raise_if_not_found=True)
  File "/usr/lib/python3/dist-packages/odoo/addons/base/ir/ir_model.py", line 1343, in xmlid_to_res_id
    return self.xmlid_to_res_model_res_id(xmlid, raise_if_not_found)[1]
  File "/usr/lib/python3/dist-packages/odoo/addons/base/ir/ir_model.py", line 1334, in xmlid_to_res_model_res_id
    return self.xmlid_lookup(xmlid)[1:3]
  File "<decorator-gen-21>", line 2, in xmlid_lookup
    
  File "/usr/lib/python3/dist-packages/odoo/tools/cache.py", line 89, in lookup
    value = d[key] = self.method(*args, **kwargs)
  File "/usr/lib/python3/dist-packages/odoo/addons/base/ir/ir_model.py", line 1323, in xmlid_lookup
    raise ValueError('External ID not found in the system: %s' % xmlid)
ValueError: External ID not found in the system: web.login
2018-10-19 09:17:31,480 1 INFO odoo werkzeug: 172.24.0.1 - - [19/Oct/2018 09:17:31] "GET / HTTP/1.1" 200 -
2018-10-19 09:17:31,622 1 INFO odoo werkzeug: 172.24.0.1 - - [19/Oct/2018 09:17:31] "GET /web HTTP/1.1" 303 -
2018-10-19 09:17:31,655 1 INFO odoo werkzeug: 172.24.0.1 - - [19/Oct/2018 09:17:31] "GET /web/login HTTP/1.1" 500 -
2018-10-19 09:17:31,663 1 ERROR odoo werkzeug: Error on request:
Traceback (most recent call last):
  File "/usr/lib/python3/dist-packages/werkzeug/serving.py", line 205, in run_wsgi
    execute(self.server.app)
  File "/usr/lib/python3/dist-packages/werkzeug/serving.py", line 193, in execute
    application_iter = app(environ, start_response)
  File "/usr/lib/python3/dist-packages/odoo/service/server.py", line 250, in app
    return self.app(e, s)
  File "/usr/lib/python3/dist-packages/odoo/service/wsgi_server.py", line 166, in application
    return application_unproxied(environ, start_response)
  File "/usr/lib/python3/dist-packages/odoo/service/wsgi_server.py", line 154, in application_unproxied
    result = handler(environ, start_response)
  File "/usr/lib/python3/dist-packages/odoo/http.py", line 1318, in __call__
    return self.dispatch(environ, start_response)
  File "/usr/lib/python3/dist-packages/odoo/http.py", line 1292, in __call__
    return self.app(environ, start_wrapped)
  File "/usr/lib/python3/dist-packages/werkzeug/wsgi.py", line 599, in __call__
    return self.app(environ, start_response)
  File "/usr/lib/python3/dist-packages/odoo/http.py", line 1490, in dispatch
    result = ir_http._dispatch()
  File "/usr/lib/python3/dist-packages/odoo/addons/base/ir/ir_http.py", line 212, in _dispatch
    return cls._handle_exception(e)
  File "/usr/lib/python3/dist-packages/odoo/addons/base/ir/ir_http.py", line 182, in _handle_exception
    return request._handle_exception(exception)
  File "/usr/lib/python3/dist-packages/odoo/http.py", line 770, in _handle_exception
    return super(HttpRequest, self)._handle_exception(exception)
  File "/usr/lib/python3/dist-packages/odoo/http.py", line 310, in _handle_exception
    raise pycompat.reraise(type(exception), exception, sys.exc_info()[2])
  File "/usr/lib/python3/dist-packages/odoo/tools/pycompat.py", line 87, in reraise
    raise value
  File "/usr/lib/python3/dist-packages/odoo/addons/base/ir/ir_http.py", line 208, in _dispatch
    result = request.dispatch()
  File "/usr/lib/python3/dist-packages/odoo/http.py", line 829, in dispatch
    r = self._call_function(**self.params)
  File "/usr/lib/python3/dist-packages/odoo/http.py", line 342, in _call_function
    return checked_call(self.db, *args, **kwargs)
  File "/usr/lib/python3/dist-packages/odoo/service/model.py", line 97, in wrapper
    return f(dbname, *args, **kwargs)
  File "/usr/lib/python3/dist-packages/odoo/http.py", line 338, in checked_call
    result.flatten()
  File "/usr/lib/python3/dist-packages/odoo/http.py", line 1269, in flatten
    self.response.append(self.render())
  File "/usr/lib/python3/dist-packages/odoo/http.py", line 1262, in render
    return env["ir.ui.view"].render_template(self.template, self.qcontext)
  File "/usr/lib/python3/dist-packages/odoo/addons/base/ir/ir_ui_view.py", line 1195, in render_template
    return self.browse(self.get_view_id(template)).render(values, engine)
  File "/usr/lib/python3/dist-packages/odoo/addons/base/ir/ir_ui_view.py", line 1102, in get_view_id
    return self.env['ir.model.data'].xmlid_to_res_id(template, raise_if_not_found=True)
  File "/usr/lib/python3/dist-packages/odoo/addons/base/ir/ir_model.py", line 1343, in xmlid_to_res_id
    return self.xmlid_to_res_model_res_id(xmlid, raise_if_not_found)[1]
  File "/usr/lib/python3/dist-packages/odoo/addons/base/ir/ir_model.py", line 1334, in xmlid_to_res_model_res_id
    return self.xmlid_lookup(xmlid)[1:3]
  File "<decorator-gen-21>", line 2, in xmlid_lookup
    
  File "/usr/lib/python3/dist-packages/odoo/tools/cache.py", line 89, in lookup
    value = d[key] = self.method(*args, **kwargs)
  File "/usr/lib/python3/dist-packages/odoo/addons/base/ir/ir_model.py", line 1323, in xmlid_lookup
    raise ValueError('External ID not found in the system: %s' % xmlid)
ValueError: External ID not found in the system: web.login
2018-10-19 09:18:13,461 1 WARNING ? odoo.addons.base.ir.ir_cron: Skipping database odoo because of modules to install/upgrade/remove.
2018-10-19 09:18:14,479 1 WARNING ? odoo.addons.base.ir.ir_cron: Skipping database odoo because of modules to install/upgrade/remove.
2018-10-19 09:19:13,528 1 WARNING ? odoo.addons.base.ir.ir_cron: Skipping database odoo because of modules to install/upgrade/remove.
2018-10-19 09:19:15,545 1 WARNING ? odoo.addons.base.ir.ir_cron: Skipping database odoo because of modules to install/upgrade/remove.
2018-10-19 09:20:13,542 1 WARNING ? odoo.addons.base.ir.ir_cron: Skipping database odoo because of modules to install/upgrade/remove.
2018-10-19 09:20:16,610 1 WARNING ? odoo.addons.base.ir.ir_cron: Skipping database odoo because of modules to install/upgrade/remove.
2018-10-19 09:21:13,606 1 WARNING ? odoo.addons.base.ir.ir_cron: Skipping database odoo because of modules to install/upgrade/remove.
2018-10-19 09:21:17,637 1 WARNING ? odoo.addons.base.ir.ir_cron: Skipping database odoo because of modules to install/upgrade/remove.
2018-10-19 09:22:13,672 1 WARNING ? odoo.addons.base.ir.ir_cron: Skipping database odoo because of modules to install/upgrade/remove.
2018-10-19 09:22:18,702 1 WARNING ? odoo.addons.base.ir.ir_cron: Skipping database odoo because of modules to install/upgrade/remove.
2018-10-19 09:23:13,738 1 WARNING ? odoo.addons.base.ir.ir_cron: Skipping database odoo because of modules to install/upgrade/remove.
2018-10-19 09:23:19,767 1 WARNING ? odoo.addons.base.ir.ir_cron: Skipping database odoo because of modules to install/upgrade/remove.
2018-10-19 09:23:42,083 1 INFO ? odoo.service.server: Initiating shutdown
2018-10-19 09:23:42,083 1 INFO ? odoo.service.server: Hit CTRL-C again or send a second signal to force the shutdown.
2018-10-19 09:24:32,904 1 INFO ? odoo: Odoo version 11.0-20180808
2018-10-19 09:24:32,905 1 INFO ? odoo: Using configuration file at /etc/odoo/odoo.conf
2018-10-19 09:24:32,905 1 INFO ? odoo: addons paths: ['/var/lib/odoo/addons/11.0', '/mnt/extra-addons', '/usr/lib/python3/dist-packages/odoo/addons']
2018-10-19 09:24:32,905 1 INFO ? odoo: database: odoo@db:5432
2018-10-19 09:24:32,919 1 INFO ? odoo.service.server: HTTP service (werkzeug) running on 674fc91250ba:8069
2018-10-19 09:24:33,014 1 INFO ? odoo.addons.base.ir.ir_actions_report: Will use the Wkhtmltopdf binary at /usr/local/bin/wkhtmltopdf
2018-10-19 09:24:34,266 1 INFO ? odoo.addons.sms.wizard.send_sms: The `phonenumbers` Python module is not available. Phone number validation will be skipped. Try `pip3 install phonenumbers` to install it.
2018-10-19 09:24:34,443 1 INFO ? odoo.http: HTTP Configuring static files
2018-10-19 09:24:34,455 1 INFO odoo odoo.modules.loading: loading 1 modules...
2018-10-19 09:24:34,468 1 INFO odoo odoo.modules.loading: 1 modules loaded in 0.01s, 0 queries
2018-10-19 09:24:34,590 1 INFO odoo odoo.modules.loading: Modules loaded.
2018-10-19 09:24:34,597 1 INFO odoo odoo.addons.base.ir.ir_http: Generating routing map
2018-10-19 09:24:34,795 1 INFO odoo werkzeug: 172.24.0.1 - - [19/Oct/2018 09:24:34] "GET /web/login HTTP/1.1" 500 -
2018-10-19 09:24:34,803 1 ERROR odoo werkzeug: Error on request:
Traceback (most recent call last):
  File "/usr/lib/python3/dist-packages/werkzeug/serving.py", line 205, in run_wsgi
    execute(self.server.app)
  File "/usr/lib/python3/dist-packages/werkzeug/serving.py", line 193, in execute
    application_iter = app(environ, start_response)
  File "/usr/lib/python3/dist-packages/odoo/service/server.py", line 250, in app
    return self.app(e, s)
  File "/usr/lib/python3/dist-packages/odoo/service/wsgi_server.py", line 166, in application
    return application_unproxied(environ, start_response)
  File "/usr/lib/python3/dist-packages/odoo/service/wsgi_server.py", line 154, in application_unproxied
    result = handler(environ, start_response)
  File "/usr/lib/python3/dist-packages/odoo/http.py", line 1318, in __call__
    return self.dispatch(environ, start_response)
  File "/usr/lib/python3/dist-packages/odoo/http.py", line 1292, in __call__
    return self.app(environ, start_wrapped)
  File "/usr/lib/python3/dist-packages/werkzeug/wsgi.py", line 599, in __call__
    return self.app(environ, start_response)
  File "/usr/lib/python3/dist-packages/odoo/http.py", line 1490, in dispatch
    result = ir_http._dispatch()
  File "/usr/lib/python3/dist-packages/odoo/addons/base/ir/ir_http.py", line 212, in _dispatch
    return cls._handle_exception(e)
  File "/usr/lib/python3/dist-packages/odoo/addons/base/ir/ir_http.py", line 182, in _handle_exception
    return request._handle_exception(exception)
  File "/usr/lib/python3/dist-packages/odoo/http.py", line 770, in _handle_exception
    return super(HttpRequest, self)._handle_exception(exception)
  File "/usr/lib/python3/dist-packages/odoo/http.py", line 310, in _handle_exception
    raise pycompat.reraise(type(exception), exception, sys.exc_info()[2])
  File "/usr/lib/python3/dist-packages/odoo/tools/pycompat.py", line 87, in reraise
    raise value
  File "/usr/lib/python3/dist-packages/odoo/addons/base/ir/ir_http.py", line 208, in _dispatch
    result = request.dispatch()
  File "/usr/lib/python3/dist-packages/odoo/http.py", line 829, in dispatch
    r = self._call_function(**self.params)
  File "/usr/lib/python3/dist-packages/odoo/http.py", line 342, in _call_function
    return checked_call(self.db, *args, **kwargs)
  File "/usr/lib/python3/dist-packages/odoo/service/model.py", line 97, in wrapper
    return f(dbname, *args, **kwargs)
  File "/usr/lib/python3/dist-packages/odoo/http.py", line 338, in checked_call
    result.flatten()
  File "/usr/lib/python3/dist-packages/odoo/http.py", line 1269, in flatten
    self.response.append(self.render())
  File "/usr/lib/python3/dist-packages/odoo/http.py", line 1262, in render
    return env["ir.ui.view"].render_template(self.template, self.qcontext)
  File "/usr/lib/python3/dist-packages/odoo/addons/base/ir/ir_ui_view.py", line 1195, in render_template
    return self.browse(self.get_view_id(template)).render(values, engine)
  File "/usr/lib/python3/dist-packages/odoo/addons/base/ir/ir_ui_view.py", line 1102, in get_view_id
    return self.env['ir.model.data'].xmlid_to_res_id(template, raise_if_not_found=True)
  File "/usr/lib/python3/dist-packages/odoo/addons/base/ir/ir_model.py", line 1343, in xmlid_to_res_id
    return self.xmlid_to_res_model_res_id(xmlid, raise_if_not_found)[1]
  File "/usr/lib/python3/dist-packages/odoo/addons/base/ir/ir_model.py", line 1334, in xmlid_to_res_model_res_id
    return self.xmlid_lookup(xmlid)[1:3]
  File "<decorator-gen-21>", line 2, in xmlid_lookup
    
  File "/usr/lib/python3/dist-packages/odoo/tools/cache.py", line 89, in lookup
    value = d[key] = self.method(*args, **kwargs)
  File "/usr/lib/python3/dist-packages/odoo/addons/base/ir/ir_model.py", line 1323, in xmlid_lookup
    raise ValueError('External ID not found in the system: %s' % xmlid)
ValueError: External ID not found in the system: web.login
2018-10-19 09:24:38,796 1 INFO odoo werkzeug: 172.24.0.1 - - [19/Oct/2018 09:24:38] "GET /web/database/manager HTTP/1.1" 200 -
2018-10-19 09:24:41,489 1 INFO None odoo.sql_db: ConnectionPool(used=0/count=0/max=64): Closed 1 connections to 'dbname=odoo user=odoo password=xxxx host=db port=5432 sslmode=prefer'
2018-10-19 09:24:42,060 1 INFO None odoo.service.db: DROP DB: odoo
2018-10-19 09:24:42,062 1 INFO None werkzeug: 172.24.0.1 - - [19/Oct/2018 09:24:42] "POST /web/database/drop HTTP/1.1" 303 -
2018-10-19 09:24:42,067 1 INFO odoo odoo.sql_db: Connection to the database failed
2018-10-19 09:24:42,067 1 INFO odoo odoo.http: Generating nondb routing
2018-10-19 09:24:42,117 1 INFO odoo werkzeug: 172.24.0.1 - - [19/Oct/2018 09:24:42] "GET /web/database/manager HTTP/1.1" 200 -
2018-10-19 09:25:00,404 1 INFO None odoo.service.db: Create database `dev-11-docker`.
2018-10-19 09:25:03,258 1 INFO dev-11-docker odoo.modules.loading: loading 1 modules...
2018-10-19 09:25:03,322 1 INFO dev-11-docker odoo.modules.registry: module base: creating or updating database tables
2018-10-19 09:25:08,669 1 INFO dev-11-docker odoo.models: Computing parent left and right for table ir_ui_menu...
2018-10-19 09:25:23,778 1 INFO dev-11-docker odoo.models: Computing parent left and right for table res_partner_category...
2018-10-19 09:25:31,852 1 INFO dev-11-docker odoo.models: Storing computed values of ir.actions.server.model_name
2018-10-19 09:25:32,031 1 INFO dev-11-docker odoo.models: Storing computed values of ir.attachment.res_name
2018-10-19 09:25:32,072 1 INFO dev-11-docker odoo.models: Storing computed values of ir.cron.cron_name
2018-10-19 09:25:32,181 1 INFO dev-11-docker odoo.models: Storing computed values of ir.rule.global
2018-10-19 09:25:32,384 1 INFO dev-11-docker odoo.models: Storing computed values of ir.module.module.menus_by_module
2018-10-19 09:25:32,386 1 INFO dev-11-docker odoo.models: Storing computed values of ir.module.module.reports_by_module
2018-10-19 09:25:32,387 1 INFO dev-11-docker odoo.models: Storing computed values of ir.module.module.views_by_module
2018-10-19 09:25:32,747 1 INFO dev-11-docker odoo.models: Storing computed values of res.partner.display_name
2018-10-19 09:25:32,761 1 INFO dev-11-docker odoo.models: Storing computed values of res.partner.partner_share
2018-10-19 09:25:32,763 1 INFO dev-11-docker odoo.models: Storing computed values of res.partner.commercial_partner_id
2018-10-19 09:25:32,767 1 INFO dev-11-docker odoo.models: Storing computed values of res.partner.commercial_partner_country_id
2018-10-19 09:25:32,767 1 INFO dev-11-docker odoo.models: Storing computed values of res.partner.commercial_company_name
2018-10-19 09:25:32,829 1 INFO dev-11-docker odoo.models: Storing computed values of res.partner.bank.sanitized_acc_number
2018-10-19 09:25:32,954 1 INFO dev-11-docker odoo.models: Storing computed values of res.company.logo_web
2018-10-19 09:25:32,962 1 INFO dev-11-docker odoo.models: Storing computed values of res.company.email
2018-10-19 09:25:32,963 1 INFO dev-11-docker odoo.models: Storing computed values of res.company.phone
2018-10-19 09:25:33,096 1 INFO dev-11-docker odoo.models: Storing computed values of res.users.share
2018-10-19 09:25:33,468 1 INFO dev-11-docker odoo.modules.loading: loading base/res/res.lang.csv
2018-10-19 09:25:33,889 1 INFO dev-11-docker odoo.modules.loading: loading base/base_data.xml
2018-10-19 09:25:34,094 1 INFO dev-11-docker odoo.modules.loading: loading base/res/res_currency_data.xml
2018-10-19 09:25:34,490 1 INFO dev-11-docker odoo.modules.loading: loading base/res/res_country_data.xml
2018-10-19 09:25:36,628 1 INFO dev-11-docker odoo.modules.loading: loading base/security/base_security.xml
2018-10-19 09:25:36,926 1 INFO dev-11-docker odoo.modules.loading: loading base/base_menu.xml
2018-10-19 09:25:37,103 1 INFO dev-11-docker odoo.modules.loading: loading base/res/res_config.xml
2018-10-19 09:25:37,157 1 INFO dev-11-docker odoo.modules.loading: loading base/res/res.country.state.csv
2018-10-19 09:25:38,930 1 INFO dev-11-docker odoo.modules.loading: loading base/ir/ir_actions.xml
2018-10-19 09:25:39,257 1 INFO dev-11-docker odoo.modules.loading: loading base/ir/ir_config_parameter_view.xml
2018-10-19 09:25:39,316 1 INFO dev-11-docker odoo.modules.loading: loading base/ir/ir_cron_view.xml
2018-10-19 09:25:39,445 1 INFO dev-11-docker odoo.modules.loading: loading base/ir/ir_filters.xml
2018-10-19 09:25:39,550 1 INFO dev-11-docker odoo.modules.loading: loading base/ir/ir_mail_server_view.xml
2018-10-19 09:25:39,611 1 INFO dev-11-docker odoo.modules.loading: loading base/ir/ir_model_view.xml
2018-10-19 09:25:39,989 1 INFO dev-11-docker odoo.modules.loading: loading base/ir/ir_attachment_view.xml
2018-10-19 09:25:40,063 1 INFO dev-11-docker odoo.modules.loading: loading base/ir/ir_rule_view.xml
2018-10-19 09:25:40,137 1 INFO dev-11-docker odoo.modules.loading: loading base/ir/ir_sequence_view.xml
2018-10-19 09:25:40,207 1 INFO dev-11-docker odoo.modules.loading: loading base/ir/ir_translation_view.xml
2018-10-19 09:25:40,284 1 INFO dev-11-docker odoo.modules.loading: loading base/ir/ir_ui_menu_view.xml
2018-10-19 09:25:40,349 1 INFO dev-11-docker odoo.modules.loading: loading base/ir/ir_ui_view_view.xml
2018-10-19 09:25:40,476 1 INFO dev-11-docker odoo.modules.loading: loading base/ir/ir_default_view.xml
2018-10-19 09:25:40,541 1 INFO dev-11-docker odoo.modules.loading: loading base/ir/ir_autovacuum.xml
2018-10-19 09:25:40,560 1 INFO dev-11-docker odoo.modules.loading: loading base/ir/ir_model_report.xml
2018-10-19 09:25:40,569 1 INFO dev-11-docker odoo.modules.loading: loading base/ir/report_ir_model.xml
2018-10-19 09:25:40,591 1 INFO dev-11-docker odoo.modules.loading: loading base/ir/ir_logging_view.xml
2018-10-19 09:25:40,659 1 INFO dev-11-docker odoo.modules.loading: loading base/ir/ir_qweb.xml
2018-10-19 09:25:40,692 1 INFO dev-11-docker odoo.modules.loading: loading base/module/module_view.xml
2018-10-19 09:25:40,850 1 INFO dev-11-docker odoo.modules.loading: loading base/module/module_data.xml
2018-10-19 09:25:40,991 1 INFO dev-11-docker odoo.modules.loading: loading base/module/module_report.xml
2018-10-19 09:25:40,997 1 INFO dev-11-docker odoo.modules.loading: loading base/module/report/report_ir_module_reference.xml
2018-10-19 09:25:41,015 1 INFO dev-11-docker odoo.modules.loading: loading base/module/wizard/base_module_update_view.xml
2018-10-19 09:25:41,046 1 INFO dev-11-docker odoo.modules.loading: loading base/module/wizard/base_language_install_view.xml
2018-10-19 09:25:41,090 1 INFO dev-11-docker odoo.modules.loading: loading base/module/wizard/base_import_language_view.xml
2018-10-19 09:25:41,120 1 INFO dev-11-docker odoo.modules.loading: loading base/module/wizard/base_module_upgrade_view.xml
2018-10-19 09:25:41,168 1 INFO dev-11-docker odoo.modules.loading: loading base/module/wizard/base_module_uninstall_view.xml
2018-10-19 09:25:41,190 1 INFO dev-11-docker odoo.modules.loading: loading base/module/wizard/base_export_language_view.xml
2018-10-19 09:25:41,222 1 INFO dev-11-docker odoo.modules.loading: loading base/module/wizard/base_update_translations_view.xml
2018-10-19 09:25:41,248 1 INFO dev-11-docker odoo.modules.loading: loading base/module/wizard/base_module_immediate_install.xml
2018-10-19 09:25:41,261 1 INFO dev-11-docker odoo.modules.loading: loading base/res/res_company_view.xml
2018-10-19 09:25:41,378 1 INFO dev-11-docker odoo.modules.loading: loading base/res/res_request_view.xml
2018-10-19 09:25:41,436 1 INFO dev-11-docker odoo.modules.loading: loading base/res/res_lang_view.xml
2018-10-19 09:25:41,499 1 INFO dev-11-docker odoo.modules.loading: loading base/res/res_partner_view.xml
2018-10-19 09:25:41,835 1 INFO dev-11-docker odoo.modules.loading: loading base/res/res_bank_view.xml
2018-10-19 09:25:41,932 1 INFO dev-11-docker odoo.modules.loading: loading base/res/res_country_view.xml
2018-10-19 09:25:42,044 1 INFO dev-11-docker odoo.modules.loading: loading base/res/res_currency_view.xml
2018-10-19 09:25:42,214 1 INFO dev-11-docker odoo.modules.loading: loading base/res/res_users_view.xml
2018-10-19 09:25:42,618 1 INFO dev-11-docker odoo.modules.loading: loading base/res/res_partner_data.xml
2018-10-19 09:25:42,678 1 INFO dev-11-docker odoo.modules.loading: loading base/res/ir_property_view.xml
2018-10-19 09:25:42,741 1 INFO dev-11-docker odoo.modules.loading: loading base/res/res_config_settings_views.xml
2018-10-19 09:25:42,761 1 INFO dev-11-docker odoo.modules.loading: loading base/res/res_security.xml
2018-10-19 09:25:42,808 1 INFO dev-11-docker odoo.modules.loading: loading base/res/report_paperformat_views.xml
2018-10-19 09:25:42,871 1 INFO dev-11-docker odoo.modules.loading: loading base/security/ir.model.access.csv
2018-10-19 09:25:44,242 1 INFO dev-11-docker odoo.modules.loading: loading base/base_demo.xml
2018-10-19 09:25:44,540 1 INFO dev-11-docker odoo.modules.loading: loading base/res/res_currency_demo.xml
2018-10-19 09:25:44,922 1 INFO dev-11-docker odoo.modules.loading: loading base/res/res_bank_demo.xml
2018-10-19 09:25:44,930 1 INFO dev-11-docker odoo.modules.loading: loading base/res/res_partner_demo.xml
2018-10-19 09:25:45,463 1 INFO dev-11-docker odoo.modules.loading: loading base/res/res_partner_demo.yml
2018-10-19 09:25:49,208 1 INFO dev-11-docker odoo.modules.loading: loading base/res/res_partner_image_demo.xml
2018-10-19 09:25:51,317 1 INFO dev-11-docker odoo.modules.loading: 1 modules loaded in 48.06s, 0 queries
2018-10-19 09:25:51,385 1 INFO dev-11-docker odoo.modules.loading: updating modules list
2018-10-19 09:25:51,386 1 INFO dev-11-docker odoo.addons.base.module.module: ALLOW access to module.update_list on [] to user admin #1 via 172.24.0.1
2018-10-19 09:25:51,891 1 INFO dev-11-docker odoo.modules.loading: loading 12 modules...
2018-10-19 09:25:51,952 1 INFO dev-11-docker odoo.modules.registry: module auth_crypt: creating or updating database tables
2018-10-19 09:25:51,961 1 INFO dev-11-docker odoo.addons.auth_crypt.models.res_users: Hashing passwords, may be slow for databases with many users...
2018-10-19 09:25:52,250 1 INFO dev-11-docker odoo.modules.registry: module muk_utils: creating or updating database tables
2018-10-19 09:25:52,264 1 INFO dev-11-docker odoo.addons.auth_crypt.models.res_users: Hashing passwords, may be slow for databases with many users...
2018-10-19 09:25:52,366 1 INFO dev-11-docker odoo.modules.loading: loading muk_utils/data/ir_cron.xml
2018-10-19 09:25:53,772 1 INFO dev-11-docker odoo.modules.registry: module web: creating or updating database tables
2018-10-19 09:25:54,094 1 INFO dev-11-docker odoo.addons.auth_crypt.models.res_users: Hashing passwords, may be slow for databases with many users...
2018-10-19 09:25:54,580 1 INFO dev-11-docker odoo.modules.loading: loading web/views/webclient_templates.xml
2018-10-19 09:25:54,902 1 INFO dev-11-docker odoo.modules.loading: loading web/views/report_templates.xml
2018-10-19 09:25:55,435 1 INFO dev-11-docker odoo.modules.registry: module base_import: creating or updating database tables
2018-10-19 09:25:58,516 1 INFO dev-11-docker odoo.modules.loading: loading base_import/security/ir.model.access.csv
2018-10-19 09:25:58,719 1 INFO dev-11-docker odoo.modules.loading: loading base_import/views/base_import_templates.xml
2018-10-19 09:25:58,908 1 INFO dev-11-docker odoo.modules.registry: module iap: creating or updating database tables
2018-10-19 09:25:59,201 1 INFO dev-11-docker odoo.modules.loading: loading iap/security/ir.model.access.csv
2018-10-19 09:25:59,238 1 INFO dev-11-docker odoo.modules.loading: loading iap/security/ir_rule.xml
2018-10-19 09:25:59,255 1 INFO dev-11-docker odoo.modules.loading: loading iap/views/assets.xml
2018-10-19 09:25:59,280 1 INFO dev-11-docker odoo.modules.loading: loading iap/views/iap_views.xml
2018-10-19 09:25:59,343 1 INFO dev-11-docker odoo.addons.base.module.module: ALLOW access to module.button_install on [] to user admin #1 via 172.24.0.1
2018-10-19 09:25:59,521 1 INFO dev-11-docker odoo.modules.registry: module web_diagram: creating or updating database tables
2018-10-19 09:25:59,529 1 INFO dev-11-docker odoo.modules.loading: loading web_diagram/views/web_diagram_templates.xml
2018-10-19 09:25:59,794 1 INFO dev-11-docker odoo.modules.registry: module web_editor: creating or updating database tables
2018-10-19 09:26:00,458 1 INFO dev-11-docker odoo.modules.loading: loading web_editor/security/ir.model.access.csv
2018-10-19 09:26:00,498 1 INFO dev-11-docker odoo.modules.loading: loading web_editor/views/editor.xml
2018-10-19 09:26:00,715 1 INFO dev-11-docker odoo.modules.loading: loading web_editor/views/iframe.xml
2018-10-19 09:26:00,747 1 INFO dev-11-docker odoo.modules.loading: loading web_editor/views/snippets.xml
2018-10-19 09:26:01,055 1 INFO dev-11-docker odoo.modules.registry: module web_kanban_gauge: creating or updating database tables
2018-10-19 09:26:01,064 1 INFO dev-11-docker odoo.modules.loading: loading web_kanban_gauge/views/web_kanban_gauge_templates.xml
2018-10-19 09:26:01,312 1 INFO dev-11-docker odoo.modules.registry: module web_planner: creating or updating database tables
2018-10-19 09:26:01,599 1 INFO dev-11-docker odoo.modules.loading: loading web_planner/security/ir.model.access.csv
2018-10-19 09:26:01,658 1 INFO dev-11-docker odoo.modules.loading: loading web_planner/security/web_planner_security.xml
2018-10-19 09:26:01,688 1 INFO dev-11-docker odoo.modules.loading: loading web_planner/views/web_planner_templates.xml
2018-10-19 09:26:01,799 1 INFO dev-11-docker odoo.modules.loading: loading web_planner/views/web_planner_views.xml
2018-10-19 09:26:02,067 1 INFO dev-11-docker odoo.modules.registry: module web_tour: creating or updating database tables
2018-10-19 09:26:02,317 1 INFO dev-11-docker odoo.modules.loading: loading web_tour/security/ir.model.access.csv
2018-10-19 09:26:02,341 1 INFO dev-11-docker odoo.modules.loading: loading web_tour/views/tour_templates.xml
2018-10-19 09:26:02,412 1 INFO dev-11-docker odoo.modules.loading: loading web_tour/views/tour_views.xml
2018-10-19 09:26:02,637 1 INFO dev-11-docker odoo.modules.registry: module web_settings_dashboard: creating or updating database tables
2018-10-19 09:26:02,643 1 INFO dev-11-docker odoo.addons.auth_crypt.models.res_users: Hashing passwords, may be slow for databases with many users...
2018-10-19 09:26:02,711 1 INFO dev-11-docker odoo.modules.loading: loading web_settings_dashboard/views/dashboard_views.xml
2018-10-19 09:26:02,729 1 INFO dev-11-docker odoo.modules.loading: loading web_settings_dashboard/views/dashboard_templates.xml
2018-10-19 09:26:02,856 1 INFO dev-11-docker odoo.modules.loading: 12 modules loaded in 10.97s, 0 queries
2018-10-19 09:26:03,032 1 INFO dev-11-docker odoo.modules.loading: Modules loaded.
2018-10-19 09:26:03,034 1 INFO dev-11-docker odoo.models: Computing parent left and right for table ir_ui_menu...
2018-10-19 09:26:03,051 1 INFO dev-11-docker odoo.models: Computing parent left and right for table res_partner_category...
2018-10-19 09:26:03,638 1 INFO dev-11-docker odoo.addons.base.res.res_users: Login successful for db:dev-11-docker login:mhdsyarif.ms@gmail.com from 172.24.0.1
2018-10-19 09:26:03,702 1 INFO dev-11-docker odoo.modules.registry: Registry changed, signaling through the database
2018-10-19 09:26:03,712 1 INFO dev-11-docker werkzeug: 172.24.0.1 - - [19/Oct/2018 09:26:03] "POST /web/database/create HTTP/1.1" 303 -
2018-10-19 09:26:03,721 1 INFO dev-11-docker odoo.addons.base.ir.ir_http: Generating routing map
2018-10-19 09:26:06,942 1 INFO dev-11-docker odoo.modules.registry: At least one model cache has been invalidated, signaling through the database.
2018-10-19 09:26:06,945 1 INFO dev-11-docker werkzeug: 172.24.0.1 - - [19/Oct/2018 09:26:06] "GET /web/ HTTP/1.1" 200 -
2018-10-19 09:26:07,023 1 INFO dev-11-docker werkzeug: 172.24.0.1 - - [19/Oct/2018 09:26:07] "GET /web/content/339-bf3468f/web.assets_backend.0.css HTTP/1.1" 200 -
2018-10-19 09:26:07,026 1 INFO dev-11-docker werkzeug: 172.24.0.1 - - [19/Oct/2018 09:26:07] "GET /web/content/340-bf3468f/web.assets_backend.1.css HTTP/1.1" 200 -
2018-10-19 09:26:07,054 1 INFO dev-11-docker werkzeug: 172.24.0.1 - - [19/Oct/2018 09:26:07] "GET /web/content/341-86dc06d/web_editor.summernote.0.css HTTP/1.1" 200 -
2018-10-19 09:26:07,102 1 INFO dev-11-docker werkzeug: 172.24.0.1 - - [19/Oct/2018 09:26:07] "GET /web/content/345-86dc06d/web_editor.summernote.js HTTP/1.1" 200 -
2018-10-19 09:26:07,104 1 INFO dev-11-docker werkzeug: 172.24.0.1 - - [19/Oct/2018 09:26:07] "GET /web/content/344-bf3468f/web.assets_backend.js HTTP/1.1" 200 -
2018-10-19 09:26:07,107 1 INFO dev-11-docker werkzeug: 172.24.0.1 - - [19/Oct/2018 09:26:07] "GET /web/content/343-4ff6908/web.assets_common.js HTTP/1.1" 200 -
2018-10-19 09:26:07,114 1 INFO dev-11-docker werkzeug: 172.24.0.1 - - [19/Oct/2018 09:26:07] "GET /web/content/342-6f36d74/web_editor.assets_editor.0.css HTTP/1.1" 200 -
2018-10-19 09:26:07,124 1 INFO dev-11-docker werkzeug: 172.24.0.1 - - [19/Oct/2018 09:26:07] "GET /web/content/346-6f36d74/web_editor.assets_editor.js HTTP/1.1" 200 -
2018-10-19 09:26:07,378 1 INFO dev-11-docker werkzeug: 172.24.0.1 - - [19/Oct/2018 09:26:07] "GET /web/webclient/qweb?mods=web,base,base_import,iap,muk_utils,web_diagram,web_editor,web_kanban_gauge,web_planner,web_settings_dashboard,web_tour HTTP/1.1" 200 -
2018-10-19 09:26:07,462 1 INFO dev-11-docker werkzeug: 172.24.0.1 - - [19/Oct/2018 09:26:07] "POST /web/dataset/call HTTP/1.1" 200 -
2018-10-19 09:26:07,518 1 INFO dev-11-docker werkzeug: 172.24.0.1 - - [19/Oct/2018 09:26:07] "POST /web/webclient/translations HTTP/1.1" 200 -
2018-10-19 09:26:07,583 1 INFO dev-11-docker werkzeug: 172.24.0.1 - - [19/Oct/2018 09:26:07] "POST /web/dataset/call_kw/web.planner/search_read HTTP/1.1" 200 -
2018-10-19 09:26:07,593 1 INFO dev-11-docker werkzeug: 172.24.0.1 - - [19/Oct/2018 09:26:07] "POST /web/dataset/call_kw/res.users/read HTTP/1.1" 200 -
2018-10-19 09:26:07,622 1 INFO dev-11-docker werkzeug: 172.24.0.1 - - [19/Oct/2018 09:26:07] "GET /web/binary/company_logo?db=dev-11-docker&company=1 HTTP/1.1" 200 -
2018-10-19 09:26:07,627 1 INFO dev-11-docker werkzeug: 172.24.0.1 - - [19/Oct/2018 09:26:07] "GET /web/image?model=res.users&field=image_small&id=1 HTTP/1.1" 200 -
2018-10-19 09:26:07,709 1 INFO dev-11-docker werkzeug: 172.24.0.1 - - [19/Oct/2018 09:26:07] "POST /web/action/load HTTP/1.1" 200 -
2018-10-19 09:26:07,826 1 INFO dev-11-docker werkzeug: 172.24.0.1 - - [19/Oct/2018 09:26:07] "POST /web/dataset/call_kw/ir.module.module/load_views HTTP/1.1" 200 -
2018-10-19 09:26:07,882 1 INFO dev-11-docker werkzeug: 172.24.0.1 - - [19/Oct/2018 09:26:07] "POST /web/dataset/search_read HTTP/1.1" 200 -
2018-10-19 09:26:33,224 1 INFO dev-11-docker odoo.addons.base.ir.ir_cron: Starting job `Base: Auto-vacuum internal data`.
2018-10-19 09:26:33,270 1 INFO dev-11-docker odoo.addons.base.ir.ir_attachment: filestore gc 345 checked, 0 removed
2018-10-19 09:26:33,282 1 INFO dev-11-docker odoo.addons.base.ir.ir_autovacuum: GC'd 0 user log entries
2018-10-19 09:26:33,301 1 INFO dev-11-docker odoo.addons.base.ir.ir_cron: Starting job `Cron job to update the Groups`.
2018-10-19 11:12:19,193 1 INFO dev-11-docker werkzeug: 172.24.0.1 - - [19/Oct/2018 11:12:19] "POST /web/dataset/search_read HTTP/1.1" 200 -
2018-10-19 11:12:25,432 1 INFO dev-11-docker werkzeug: 172.24.0.1 - - [19/Oct/2018 11:12:25] "GET /robots.txt HTTP/1.1" 404 -
2018-10-19 11:12:26,450 1 INFO dev-11-docker werkzeug: 172.24.0.1 - - [19/Oct/2018 11:12:26] "GET /web?debug HTTP/1.1" 200 -
2018-10-19 11:12:27,063 1 INFO dev-11-docker werkzeug: 172.24.0.1 - - [19/Oct/2018 11:12:27] "GET /web/webclient/qweb?mods=web,base,base_import,iap,muk_utils,web_diagram,web_editor,web_kanban_gauge,web_planner,web_settings_dashboard,web_tour HTTP/1.1" 200 -
2018-10-19 11:12:27,115 1 INFO dev-11-docker werkzeug: 172.24.0.1 - - [19/Oct/2018 11:12:27] "POST /web/dataset/call HTTP/1.1" 200 -
2018-10-19 11:12:27,205 1 INFO dev-11-docker werkzeug: 172.24.0.1 - - [19/Oct/2018 11:12:27] "POST /web/webclient/translations HTTP/1.1" 200 -
2018-10-19 11:12:27,286 1 INFO dev-11-docker werkzeug: 172.24.0.1 - - [19/Oct/2018 11:12:27] "POST /web/dataset/call_kw/res.users/check_access_rights HTTP/1.1" 200 -
2018-10-19 11:12:27,292 1 INFO dev-11-docker werkzeug: 172.24.0.1 - - [19/Oct/2018 11:12:27] "POST /web/dataset/call_kw/res.users/has_group HTTP/1.1" 200 -
2018-10-19 11:12:27,304 1 INFO dev-11-docker werkzeug: 172.24.0.1 - - [19/Oct/2018 11:12:27] "POST /web/dataset/call_kw/ir.ui.view/check_access_rights HTTP/1.1" 200 -
2018-10-19 11:12:27,309 1 INFO dev-11-docker werkzeug: 172.24.0.1 - - [19/Oct/2018 11:12:27] "POST /web/dataset/call_kw/ir.model.data/xmlid_to_res_id HTTP/1.1" 200 -
2018-10-19 11:12:27,328 1 INFO dev-11-docker werkzeug: 172.24.0.1 - - [19/Oct/2018 11:12:27] "POST /web/dataset/call_kw/web.planner/search_read HTTP/1.1" 200 -
2018-10-19 11:12:27,351 1 INFO dev-11-docker werkzeug: 172.24.0.1 - - [19/Oct/2018 11:12:27] "GET /web/image?model=res.users&field=image_small&id=1 HTTP/1.1" 200 -
2018-10-19 11:12:27,373 1 INFO dev-11-docker werkzeug: 172.24.0.1 - - [19/Oct/2018 11:12:27] "POST /web/action/load HTTP/1.1" 200 -
2018-10-19 11:12:27,495 1 INFO dev-11-docker werkzeug: 172.24.0.1 - - [19/Oct/2018 11:12:27] "POST /web/dataset/call_kw/ir.module.module/load_views HTTP/1.1" 200 -
2018-10-19 11:12:27,564 1 INFO dev-11-docker werkzeug: 172.24.0.1 - - [19/Oct/2018 11:12:27] "POST /web/dataset/search_read HTTP/1.1" 200 -
2018-10-19 11:12:44,803 1 INFO dev-11-docker werkzeug: 172.24.0.1 - - [19/Oct/2018 11:12:44] "POST /web/action/load HTTP/1.1" 200 -
2018-10-19 11:12:44,837 1 INFO dev-11-docker werkzeug: 172.24.0.1 - - [19/Oct/2018 11:12:44] "POST /web/dataset/call_kw/base.module.update/load_views HTTP/1.1" 200 -
2018-10-19 11:12:44,851 1 INFO dev-11-docker werkzeug: 172.24.0.1 - - [19/Oct/2018 11:12:44] "POST /web/dataset/call_kw/base.module.update/default_get HTTP/1.1" 200 -
2018-10-19 11:12:44,973 1 INFO ? werkzeug: 172.24.0.1 - - [19/Oct/2018 11:12:44] "GET /web/static/src/xml/dialog.xml?debug=1539947564882 HTTP/1.1" 200 -
2018-10-19 11:12:45,011 1 INFO dev-11-docker werkzeug: 172.24.0.1 - - [19/Oct/2018 11:12:45] "POST /web/dataset/call_kw/ir.model.data/xmlid_to_res_id HTTP/1.1" 200 -
2018-10-19 11:12:45,013 1 INFO dev-11-docker werkzeug: 172.24.0.1 - - [19/Oct/2018 11:12:45] "POST /web/dataset/call_kw/res.users/check_access_rights HTTP/1.1" 200 -
2018-10-19 11:12:45,017 1 INFO dev-11-docker werkzeug: 172.24.0.1 - - [19/Oct/2018 11:12:45] "POST /web/dataset/call_kw/ir.ui.view/check_access_rights HTTP/1.1" 200 -
2018-10-19 11:12:45,970 1 INFO dev-11-docker werkzeug: 172.24.0.1 - - [19/Oct/2018 11:12:45] "POST /web/dataset/call_kw/base.module.update/create HTTP/1.1" 200 -
2018-10-19 11:12:45,994 1 INFO dev-11-docker werkzeug: 172.24.0.1 - - [19/Oct/2018 11:12:45] "POST /web/dataset/call_kw/base.module.update/read HTTP/1.1" 200 -
2018-10-19 11:12:46,032 1 INFO dev-11-docker odoo.addons.base.module.module: ALLOW access to module.update_list on [] to user mhdsyarif.ms@gmail.com #1 via 172.24.0.1
2018-10-19 11:12:49,286 1 INFO ? werkzeug: 172.24.0.1 - - [19/Oct/2018 11:12:49] "GET /web/static/src/img/spin.png HTTP/1.1" 200 -
2018-10-19 11:12:50,157 1 INFO dev-11-docker werkzeug: 172.24.0.1 - - [19/Oct/2018 11:12:50] "POST /web/dataset/call_button HTTP/1.1" 200 -
2018-10-19 11:12:52,377 1 INFO dev-11-docker werkzeug: 172.24.0.1 - - [19/Oct/2018 11:12:52] "POST /web/dataset/search_read HTTP/1.1" 200 -
2018-10-19 11:12:55,459 1 INFO dev-11-docker werkzeug: 172.24.0.1 - - [19/Oct/2018 11:12:55] "POST /web/dataset/search_read HTTP/1.1" 200 -
2018-10-19 11:12:55,541 1 INFO ? werkzeug: 172.24.0.1 - - [19/Oct/2018 11:12:55] "GET /meeting_rooms/static/description/icon.png HTTP/1.1" 200 -
2018-10-19 11:12:55,549 1 INFO ? werkzeug: 172.24.0.1 - - [19/Oct/2018 11:12:55] "GET /website_support/static/description/icon.png HTTP/1.1" 200 -
2018-10-19 11:12:55,567 1 INFO ? werkzeug: 172.24.0.1 - - [19/Oct/2018 11:12:55] "GET /wpd_guest_book/static/description/icon.png HTTP/1.1" 200 -
2018-10-19 11:12:55,582 1 INFO ? werkzeug: 172.24.0.1 - - [19/Oct/2018 11:12:55] "GET /wpd_website_blog/static/description/icon.png HTTP/1.1" 200 -
2018-10-19 11:12:57,250 1 INFO dev-11-docker werkzeug: 172.24.0.1 - - [19/Oct/2018 11:12:57] "POST /web/dataset/search_read HTTP/1.1" 200 -
2018-10-19 11:13:02,637 1 INFO dev-11-docker werkzeug: 172.24.0.1 - - [19/Oct/2018 11:13:02] "POST /web/dataset/search_read HTTP/1.1" 200 -
2018-10-19 11:13:02,729 1 INFO ? werkzeug: 172.24.0.1 - - [19/Oct/2018 11:13:02] "GET /web_responsive/static/description/icon.png HTTP/1.1" 200 -
2018-10-19 11:13:04,114 1 INFO dev-11-docker odoo.addons.base.module.module: ALLOW access to module.button_immediate_install on ['web_responsive'] to user mhdsyarif.ms@gmail.com #1 via 172.24.0.1
2018-10-19 11:13:04,114 1 INFO dev-11-docker odoo.addons.base.module.module: User #1 triggered module installation
2018-10-19 11:13:04,114 1 INFO dev-11-docker odoo.addons.base.module.module: ALLOW access to module.button_install on ['web_responsive'] to user mhdsyarif.ms@gmail.com #1 via 172.24.0.1
2018-10-19 11:13:04,225 1 INFO dev-11-docker odoo.modules.loading: loading 1 modules...
2018-10-19 11:13:04,236 1 INFO dev-11-docker odoo.modules.loading: 1 modules loaded in 0.01s, 0 queries
2018-10-19 11:13:04,387 1 INFO dev-11-docker odoo.modules.loading: updating modules list
2018-10-19 11:13:04,388 1 INFO dev-11-docker odoo.addons.base.module.module: ALLOW access to module.update_list on [] to user mhdsyarif.ms@gmail.com #1 via 172.24.0.1
2018-10-19 11:13:04,917 1 INFO dev-11-docker odoo.modules.loading: loading 12 modules...
2018-10-19 11:13:04,976 1 INFO dev-11-docker odoo.modules.loading: 12 modules loaded in 0.06s, 0 queries
2018-10-19 11:13:04,978 1 INFO dev-11-docker odoo.modules.loading: loading 13 modules...
2018-10-19 11:13:05,048 1 INFO dev-11-docker odoo.modules.registry: module web_responsive: creating or updating database tables
2018-10-19 11:13:05,250 1 INFO dev-11-docker odoo.modules.loading: loading web_responsive/views/assets.xml
2018-10-19 11:13:05,755 1 INFO dev-11-docker odoo.modules.loading: loading web_responsive/views/web.xml
2018-10-19 11:13:06,071 1 INFO dev-11-docker odoo.modules.loading: 13 modules loaded in 1.09s, 0 queries
2018-10-19 11:13:06,252 1 INFO dev-11-docker odoo.modules.loading: Modules loaded.
2018-10-19 11:13:06,254 1 INFO dev-11-docker odoo.addons.base.module.module: getting next ir.actions.todo()
2018-10-19 11:13:06,256 1 INFO dev-11-docker odoo.modules.registry: Registry changed, signaling through the database
2018-10-19 11:13:06,257 1 INFO dev-11-docker werkzeug: 172.24.0.1 - - [19/Oct/2018 11:13:06] "POST /web/dataset/call_button HTTP/1.1" 200 -
2018-10-19 11:13:06,274 1 INFO dev-11-docker odoo.addons.base.ir.ir_http: Generating routing map
2018-10-19 11:13:09,529 1 INFO dev-11-docker odoo.models.unlink: User #1 deleted ir.attachment records with IDs: [340, 339]
2018-10-19 11:13:11,011 1 INFO dev-11-docker odoo.models.unlink: User #1 deleted ir.attachment records with IDs: [344]
2018-10-19 11:13:11,158 1 INFO dev-11-docker odoo.modules.registry: At least one model cache has been invalidated, signaling through the database.
2018-10-19 11:13:11,161 1 INFO dev-11-docker werkzeug: 172.24.0.1 - - [19/Oct/2018 11:13:11] "GET /web?debug=1 HTTP/1.1" 200 -
2018-10-19 11:13:11,227 1 INFO dev-11-docker werkzeug: 172.24.0.1 - - [19/Oct/2018 11:13:11] "GET /web/content/347-6645c05/web.assets_backend.0.css HTTP/1.1" 200 -
2018-10-19 11:13:11,235 1 INFO dev-11-docker werkzeug: 172.24.0.1 - - [19/Oct/2018 11:13:11] "GET /web/content/348-6645c05/web.assets_backend.1.css HTTP/1.1" 200 -
2018-10-19 11:13:11,280 1 INFO dev-11-docker werkzeug: 172.24.0.1 - - [19/Oct/2018 11:13:11] "GET /web/content/349-6645c05/web.assets_backend.js HTTP/1.1" 200 -
2018-10-19 11:13:11,295 1 INFO dev-11-docker werkzeug: 172.24.0.1 - - [19/Oct/2018 11:13:11] "GET /web/image/ir.ui.menu/5/web_icon_data HTTP/1.1" 200 -
2018-10-19 11:13:11,305 1 INFO dev-11-docker werkzeug: 172.24.0.1 - - [19/Oct/2018 11:13:11] "GET /web/image/ir.ui.menu/4/web_icon_data HTTP/1.1" 200 -
2018-10-19 11:13:11,466 1 INFO dev-11-docker werkzeug: 172.24.0.1 - - [19/Oct/2018 11:13:11] "GET /web/webclient/qweb?mods=web,base,base_import,iap,muk_utils,web_diagram,web_editor,web_kanban_gauge,web_planner,web_responsive,web_settings_dashboard,web_tour HTTP/1.1" 200 -
2018-10-19 11:13:11,509 1 INFO dev-11-docker werkzeug: 172.24.0.1 - - [19/Oct/2018 11:13:11] "POST /web/dataset/call HTTP/1.1" 200 -
2018-10-19 11:13:11,615 1 INFO dev-11-docker werkzeug: 172.24.0.1 - - [19/Oct/2018 11:13:11] "POST /web/webclient/translations HTTP/1.1" 200 -
2018-10-19 11:13:11,717 1 INFO dev-11-docker werkzeug: 172.24.0.1 - - [19/Oct/2018 11:13:11] "POST /web/dataset/call_kw/res.users/check_access_rights HTTP/1.1" 200 -
2018-10-19 11:13:11,731 1 INFO dev-11-docker werkzeug: 172.24.0.1 - - [19/Oct/2018 11:13:11] "POST /web/dataset/call_kw/res.users/has_group HTTP/1.1" 200 -
2018-10-19 11:13:11,751 1 INFO dev-11-docker werkzeug: 172.24.0.1 - - [19/Oct/2018 11:13:11] "POST /web/dataset/call_kw/ir.model.data/xmlid_to_res_id HTTP/1.1" 200 -
2018-10-19 11:13:11,764 1 INFO dev-11-docker werkzeug: 172.24.0.1 - - [19/Oct/2018 11:13:11] "POST /web/dataset/call_kw/ir.ui.view/check_access_rights HTTP/1.1" 200 -
2018-10-19 11:13:11,767 1 INFO dev-11-docker werkzeug: 172.24.0.1 - - [19/Oct/2018 11:13:11] "POST /web/dataset/call_kw/web.planner/search_read HTTP/1.1" 200 -
2018-10-19 11:13:11,773 1 INFO dev-11-docker werkzeug: 172.24.0.1 - - [19/Oct/2018 11:13:11] "POST /web/dataset/call_kw/res.users/read HTTP/1.1" 200 -
2018-10-19 11:13:11,780 1 INFO dev-11-docker werkzeug: 172.24.0.1 - - [19/Oct/2018 11:13:11] "GET /web/image?model=res.users&field=image_small&id=1 HTTP/1.1" 200 -
2018-10-19 11:13:11,884 1 INFO dev-11-docker werkzeug: 172.24.0.1 - - [19/Oct/2018 11:13:11] "POST /web/action/load HTTP/1.1" 200 -
2018-10-19 11:13:11,996 1 INFO dev-11-docker werkzeug: 172.24.0.1 - - [19/Oct/2018 11:13:11] "POST /web/dataset/call_kw/ir.module.module/load_views HTTP/1.1" 200 -
2018-10-19 11:13:12,063 1 INFO dev-11-docker werkzeug: 172.24.0.1 - - [19/Oct/2018 11:13:12] "POST /web/dataset/search_read HTTP/1.1" 200 -
2018-10-19 11:15:17,434 1 INFO ? odoo.service.server: Initiating shutdown
2018-10-19 11:15:17,434 1 INFO ? odoo.service.server: Hit CTRL-C again or send a second signal to force the shutdown.
2018-10-19 11:18:16,655 1 INFO ? odoo: Odoo version 11.0-20180808
2018-10-19 11:18:16,655 1 INFO ? odoo: Using configuration file at /etc/odoo/odoo.conf
2018-10-19 11:18:16,656 1 INFO ? odoo: addons paths: ['/var/lib/odoo/addons/11.0', '/mnt/extra-addons', '/usr/lib/python3/dist-packages/odoo/addons']
2018-10-19 11:18:16,656 1 INFO ? odoo: database: odoo@db:5432
2018-10-19 11:18:16,870 1 INFO ? odoo.service.server: HTTP service (werkzeug) running on 18b40cc6412b:8069
2018-10-19 11:18:20,206 1 INFO ? odoo.addons.base.ir.ir_actions_report: Will use the Wkhtmltopdf binary at /usr/local/bin/wkhtmltopdf
2018-10-19 11:18:25,626 1 INFO ? odoo.addons.sms.wizard.send_sms: The `phonenumbers` Python module is not available. Phone number validation will be skipped. Try `pip3 install phonenumbers` to install it.
2018-10-19 11:18:27,108 1 INFO ? odoo.http: HTTP Configuring static files
2018-10-19 11:18:27,172 1 INFO odoo odoo.modules.loading: init db
2018-10-19 11:18:29,998 1 INFO odoo odoo.modules.loading: loading 1 modules...
2018-10-19 11:18:30,182 1 INFO odoo odoo.modules.registry: module base: creating or updating database tables
2018-10-19 11:18:41,868 1 INFO odoo odoo.models: Computing parent left and right for table ir_ui_menu...
2018-10-19 11:18:49,227 1 INFO odoo odoo.models: Computing parent left and right for table res_partner_category...
2018-10-19 11:19:04,811 1 INFO odoo odoo.models: Storing computed values of ir.actions.server.model_name
2018-10-19 11:19:05,101 1 INFO odoo odoo.models: Storing computed values of res.partner.display_name
2018-10-19 11:19:05,114 1 INFO odoo odoo.models: Storing computed values of res.partner.partner_share
2018-10-19 11:19:05,117 1 INFO odoo odoo.models: Storing computed values of res.partner.commercial_partner_id
2018-10-19 11:19:05,120 1 INFO odoo odoo.models: Storing computed values of res.partner.commercial_partner_country_id
2018-10-19 11:19:05,121 1 INFO odoo odoo.models: Storing computed values of res.partner.commercial_company_name
2018-10-19 11:19:05,181 1 INFO odoo odoo.models: Storing computed values of res.partner.bank.sanitized_acc_number
2018-10-19 11:19:05,311 1 INFO odoo odoo.models: Storing computed values of res.company.logo_web
2018-10-19 11:19:05,319 1 INFO odoo odoo.models: Storing computed values of res.company.email
2018-10-19 11:19:05,320 1 INFO odoo odoo.models: Storing computed values of res.company.phone
2018-10-19 11:19:05,458 1 INFO odoo odoo.models: Storing computed values of res.users.share
2018-10-19 11:19:05,601 1 INFO odoo odoo.models: Storing computed values of ir.attachment.res_name
2018-10-19 11:19:05,638 1 INFO odoo odoo.models: Storing computed values of ir.cron.cron_name
2018-10-19 11:19:05,751 1 INFO odoo odoo.models: Storing computed values of ir.rule.global
2018-10-19 11:19:05,967 1 INFO odoo odoo.models: Storing computed values of ir.module.module.menus_by_module
2018-10-19 11:19:05,969 1 INFO odoo odoo.models: Storing computed values of ir.module.module.reports_by_module
2018-10-19 11:19:05,970 1 INFO odoo odoo.models: Storing computed values of ir.module.module.views_by_module
2018-10-19 11:19:06,488 1 INFO odoo odoo.modules.loading: loading base/res/res.lang.csv
2018-10-19 11:19:07,070 1 INFO odoo odoo.modules.loading: loading base/base_data.xml
2018-10-19 11:19:07,632 1 INFO odoo odoo.modules.loading: loading base/res/res_currency_data.xml
2018-10-19 11:19:08,109 1 INFO odoo odoo.modules.loading: loading base/res/res_country_data.xml
2018-10-19 11:19:11,491 1 INFO odoo odoo.modules.loading: loading base/security/base_security.xml
2018-10-19 11:19:11,847 1 INFO odoo odoo.modules.loading: loading base/base_menu.xml
2018-10-19 11:19:12,039 1 INFO odoo odoo.modules.loading: loading base/res/res_config.xml
2018-10-19 11:19:12,143 1 INFO odoo odoo.modules.loading: loading base/res/res.country.state.csv
2018-10-19 11:19:14,087 1 INFO odoo odoo.modules.loading: loading base/ir/ir_actions.xml
2018-10-19 11:19:14,436 1 INFO odoo odoo.modules.loading: loading base/ir/ir_config_parameter_view.xml
2018-10-19 11:19:14,643 1 INFO odoo odoo.modules.loading: loading base/ir/ir_cron_view.xml
2018-10-19 11:19:14,755 1 INFO odoo odoo.modules.loading: loading base/ir/ir_filters.xml
2018-10-19 11:19:14,935 1 INFO odoo odoo.modules.loading: loading base/ir/ir_mail_server_view.xml
2018-10-19 11:19:15,061 1 INFO odoo odoo.modules.loading: loading base/ir/ir_model_view.xml
2018-10-19 11:19:15,514 1 INFO odoo odoo.modules.loading: loading base/ir/ir_attachment_view.xml
2018-10-19 11:19:15,671 1 INFO odoo odoo.modules.loading: loading base/ir/ir_rule_view.xml
2018-10-19 11:19:15,803 1 INFO odoo odoo.modules.loading: loading base/ir/ir_sequence_view.xml
2018-10-19 11:19:16,122 1 INFO odoo odoo.modules.loading: loading base/ir/ir_translation_view.xml
2018-10-19 11:19:16,263 1 INFO odoo odoo.modules.loading: loading base/ir/ir_ui_menu_view.xml
2018-10-19 11:19:16,481 1 INFO odoo odoo.modules.loading: loading base/ir/ir_ui_view_view.xml
2018-10-19 11:19:16,705 1 INFO odoo odoo.modules.loading: loading base/ir/ir_default_view.xml
2018-10-19 11:19:16,942 1 INFO odoo odoo.modules.loading: loading base/ir/ir_autovacuum.xml
2018-10-19 11:19:16,995 1 INFO odoo odoo.modules.loading: loading base/ir/ir_model_report.xml
2018-10-19 11:19:17,014 1 INFO odoo odoo.modules.loading: loading base/ir/report_ir_model.xml
2018-10-19 11:19:17,044 1 INFO odoo odoo.modules.loading: loading base/ir/ir_logging_view.xml
2018-10-19 11:19:17,305 1 INFO odoo odoo.modules.loading: loading base/ir/ir_qweb.xml
2018-10-19 11:19:17,364 1 INFO odoo odoo.modules.loading: loading base/module/module_view.xml
2018-10-19 11:19:17,577 1 INFO odoo odoo.modules.loading: loading base/module/module_data.xml
2018-10-19 11:19:17,809 1 INFO odoo odoo.modules.loading: loading base/module/module_report.xml
2018-10-19 11:19:17,836 1 INFO odoo odoo.modules.loading: loading base/module/report/report_ir_module_reference.xml
2018-10-19 11:19:17,865 1 INFO odoo odoo.modules.loading: loading base/module/wizard/base_module_update_view.xml
2018-10-19 11:19:17,911 1 INFO odoo odoo.modules.loading: loading base/module/wizard/base_language_install_view.xml
2018-10-19 11:19:17,991 1 INFO odoo odoo.modules.loading: loading base/module/wizard/base_import_language_view.xml
2018-10-19 11:19:18,047 1 INFO odoo odoo.modules.loading: loading base/module/wizard/base_module_upgrade_view.xml
2018-10-19 11:19:18,161 1 INFO odoo odoo.modules.loading: loading base/module/wizard/base_module_uninstall_view.xml
2018-10-19 11:19:18,333 1 INFO odoo odoo.modules.loading: loading base/module/wizard/base_export_language_view.xml
2018-10-19 11:19:18,461 1 INFO odoo odoo.modules.loading: loading base/module/wizard/base_update_translations_view.xml
2018-10-19 11:19:18,526 1 INFO odoo odoo.modules.loading: loading base/module/wizard/base_module_immediate_install.xml
2018-10-19 11:19:18,553 1 INFO odoo odoo.modules.loading: loading base/res/res_company_view.xml
2018-10-19 11:19:18,772 1 INFO odoo odoo.modules.loading: loading base/res/res_request_view.xml
2018-10-19 11:19:18,875 1 INFO odoo odoo.modules.loading: loading base/res/res_lang_view.xml
2018-10-19 11:19:18,991 1 INFO odoo odoo.modules.loading: loading base/res/res_partner_view.xml
2018-10-19 11:19:19,599 1 INFO odoo odoo.modules.loading: loading base/res/res_bank_view.xml
2018-10-19 11:19:19,818 1 INFO odoo odoo.modules.loading: loading base/res/res_country_view.xml
2018-10-19 11:19:20,089 1 INFO odoo odoo.modules.loading: loading base/res/res_currency_view.xml
2018-10-19 11:19:20,434 1 INFO odoo odoo.modules.loading: loading base/res/res_users_view.xml
2018-10-19 11:19:21,030 1 INFO odoo odoo.modules.loading: loading base/res/res_partner_data.xml
2018-10-19 11:19:21,187 1 INFO odoo odoo.modules.loading: loading base/res/ir_property_view.xml
2018-10-19 11:19:21,387 1 INFO odoo odoo.modules.loading: loading base/res/res_config_settings_views.xml
2018-10-19 11:19:21,440 1 INFO odoo odoo.modules.loading: loading base/res/res_security.xml
2018-10-19 11:19:21,548 1 INFO odoo odoo.modules.loading: loading base/res/report_paperformat_views.xml
2018-10-19 11:19:21,695 1 INFO odoo odoo.modules.loading: loading base/security/ir.model.access.csv
2018-10-19 11:19:23,097 1 INFO odoo odoo.modules.loading: loading base/base_demo.xml
2018-10-19 11:19:23,962 1 INFO odoo odoo.modules.loading: loading base/res/res_currency_demo.xml
2018-10-19 11:19:24,613 1 INFO odoo odoo.modules.loading: loading base/res/res_bank_demo.xml
2018-10-19 11:19:24,689 1 INFO odoo odoo.modules.loading: loading base/res/res_partner_demo.xml
2018-10-19 11:19:25,723 1 INFO odoo odoo.modules.loading: loading base/res/res_partner_demo.yml
2018-10-19 11:19:29,820 1 INFO odoo odoo.modules.loading: loading base/res/res_partner_image_demo.xml
2018-10-19 11:19:33,082 1 INFO odoo odoo.modules.loading: 1 modules loaded in 63.08s, 0 queries
2018-10-19 11:19:33,477 1 INFO odoo odoo.modules.loading: updating modules list
2018-10-19 11:19:33,478 1 INFO odoo odoo.addons.base.module.module: ALLOW access to module.update_list on [] to user admin #1 via 172.25.0.1
2018-10-19 11:19:34,014 1 INFO odoo odoo.addons.base.module.module: ALLOW access to module.button_upgrade on ['base'] to user admin #1 via 172.25.0.1
2018-10-19 11:19:34,015 1 INFO odoo odoo.addons.base.module.module: ALLOW access to module.update_list on ['base'] to user admin #1 via 172.25.0.1
2018-10-19 11:19:34,451 1 INFO odoo odoo.addons.base.module.module: ALLOW access to module.button_install on [] to user admin #1 via 172.25.0.1
2018-10-19 11:19:35,309 1 INFO odoo odoo.modules.loading: loading 12 modules...
2018-10-19 11:19:35,523 1 INFO odoo odoo.modules.registry: module auth_crypt: creating or updating database tables
2018-10-19 11:19:35,532 1 INFO odoo odoo.addons.auth_crypt.models.res_users: Hashing passwords, may be slow for databases with many users...
2018-10-19 11:19:35,805 1 INFO odoo odoo.modules.registry: module muk_utils: creating or updating database tables
2018-10-19 11:19:35,819 1 INFO odoo odoo.addons.auth_crypt.models.res_users: Hashing passwords, may be slow for databases with many users...
2018-10-19 11:19:35,926 1 INFO odoo odoo.modules.loading: loading muk_utils/data/ir_cron.xml
2018-10-19 11:19:36,192 1 INFO odoo odoo.modules.registry: module web: creating or updating database tables
2018-10-19 11:19:36,418 1 INFO odoo odoo.addons.auth_crypt.models.res_users: Hashing passwords, may be slow for databases with many users...
2018-10-19 11:19:37,992 1 INFO odoo odoo.modules.loading: loading web/views/webclient_templates.xml
2018-10-19 11:19:38,318 1 INFO odoo odoo.modules.loading: loading web/views/report_templates.xml
2018-10-19 11:19:39,713 1 INFO odoo odoo.modules.registry: module base_import: creating or updating database tables
2018-10-19 11:19:43,795 1 INFO odoo odoo.modules.loading: loading base_import/security/ir.model.access.csv
2018-10-19 11:19:44,261 1 INFO odoo odoo.modules.loading: loading base_import/views/base_import_templates.xml
2018-10-19 11:19:44,946 1 INFO odoo odoo.modules.registry: module iap: creating or updating database tables
2018-10-19 11:19:45,156 1 INFO odoo odoo.modules.loading: loading iap/security/ir.model.access.csv
2018-10-19 11:19:45,201 1 INFO odoo odoo.modules.loading: loading iap/security/ir_rule.xml
2018-10-19 11:19:45,221 1 INFO odoo odoo.modules.loading: loading iap/views/assets.xml
2018-10-19 11:19:45,250 1 INFO odoo odoo.modules.loading: loading iap/views/iap_views.xml
2018-10-19 11:19:45,346 1 INFO odoo odoo.addons.base.module.module: ALLOW access to module.button_install on [] to user admin #1 via 172.25.0.1
2018-10-19 11:19:45,540 1 INFO odoo odoo.modules.registry: module web_diagram: creating or updating database tables
2018-10-19 11:19:45,547 1 INFO odoo odoo.modules.loading: loading web_diagram/views/web_diagram_templates.xml
2018-10-19 11:19:45,841 1 INFO odoo odoo.modules.registry: module web_editor: creating or updating database tables
2018-10-19 11:19:46,307 1 INFO odoo odoo.modules.loading: loading web_editor/security/ir.model.access.csv
2018-10-19 11:19:46,354 1 INFO odoo odoo.modules.loading: loading web_editor/views/editor.xml
2018-10-19 11:19:46,565 1 INFO odoo odoo.modules.loading: loading web_editor/views/iframe.xml
2018-10-19 11:19:46,595 1 INFO odoo odoo.modules.loading: loading web_editor/views/snippets.xml
2018-10-19 11:19:46,853 1 INFO odoo odoo.modules.registry: module web_kanban_gauge: creating or updating database tables
2018-10-19 11:19:46,862 1 INFO odoo odoo.modules.loading: loading web_kanban_gauge/views/web_kanban_gauge_templates.xml
2018-10-19 11:19:47,075 1 INFO odoo odoo.modules.registry: module web_planner: creating or updating database tables
2018-10-19 11:19:47,282 1 INFO odoo odoo.modules.loading: loading web_planner/security/ir.model.access.csv
2018-10-19 11:19:47,316 1 INFO odoo odoo.modules.loading: loading web_planner/security/web_planner_security.xml
2018-10-19 11:19:47,348 1 INFO odoo odoo.modules.loading: loading web_planner/views/web_planner_templates.xml
2018-10-19 11:19:47,459 1 INFO odoo odoo.modules.loading: loading web_planner/views/web_planner_views.xml
2018-10-19 11:19:47,689 1 INFO odoo odoo.modules.registry: module web_tour: creating or updating database tables
2018-10-19 11:19:47,890 1 INFO odoo odoo.modules.loading: loading web_tour/security/ir.model.access.csv
2018-10-19 11:19:47,929 1 INFO odoo odoo.modules.loading: loading web_tour/views/tour_templates.xml
2018-10-19 11:19:48,014 1 INFO odoo odoo.modules.loading: loading web_tour/views/tour_views.xml
2018-10-19 11:19:48,287 1 INFO odoo odoo.modules.registry: module web_settings_dashboard: creating or updating database tables
2018-10-19 11:19:48,292 1 INFO odoo odoo.addons.auth_crypt.models.res_users: Hashing passwords, may be slow for databases with many users...
2018-10-19 11:19:48,336 1 INFO odoo odoo.modules.loading: loading web_settings_dashboard/views/dashboard_views.xml
2018-10-19 11:19:48,351 1 INFO odoo odoo.modules.loading: loading web_settings_dashboard/views/dashboard_templates.xml
2018-10-19 11:19:48,468 1 INFO odoo odoo.modules.loading: 12 modules loaded in 13.16s, 0 queries
2018-10-19 11:19:48,651 1 INFO odoo odoo.modules.loading: Modules loaded.
2018-10-19 11:19:48,653 1 INFO odoo odoo.models: Computing parent left and right for table ir_ui_menu...
2018-10-19 11:19:48,674 1 INFO odoo odoo.models: Computing parent left and right for table res_partner_category...
2018-10-19 11:19:48,714 1 INFO odoo odoo.addons.base.ir.ir_http: Generating routing map
2018-10-19 11:19:48,765 1 INFO odoo odoo.modules.registry: At least one model cache has been invalidated, signaling through the database.
2018-10-19 11:19:48,766 1 INFO odoo werkzeug: 172.25.0.1 - - [19/Oct/2018 11:19:48] "GET /web?debug=1 HTTP/1.1" 303 -
2018-10-19 11:19:52,399 1 INFO odoo odoo.modules.registry: At least one model cache has been invalidated, signaling through the database.
2018-10-19 11:19:52,403 1 INFO odoo werkzeug: 172.25.0.1 - - [19/Oct/2018 11:19:52] "GET /web/login HTTP/1.1" 200 -
2018-10-19 11:19:52,470 1 INFO odoo werkzeug: 172.25.0.1 - - [19/Oct/2018 11:19:52] "GET /web/content/340-4ff6908/web.assets_common.js HTTP/1.1" 200 -
2018-10-19 11:19:52,735 1 INFO odoo werkzeug: 172.25.0.1 - - [19/Oct/2018 11:19:52] "POST /web/webclient/bootstrap_translations HTTP/1.1" 200 -
2018-10-19 11:19:52,842 1 INFO odoo werkzeug: 172.25.0.1 - - [19/Oct/2018 11:19:52] "GET /web/webclient/qweb?mods= HTTP/1.1" 304 -
2018-10-19 11:20:23,290 1 INFO odoo odoo.addons.base.ir.ir_cron: Starting job `Base: Auto-vacuum internal data`.
2018-10-19 11:20:23,335 1 INFO odoo odoo.addons.base.ir.ir_attachment: filestore gc 340 checked, 0 removed
2018-10-19 11:20:23,343 1 INFO odoo odoo.addons.base.ir.ir_autovacuum: GC'd 0 user log entries
2018-10-19 11:20:23,433 1 INFO odoo odoo.addons.base.ir.ir_cron: Starting job `Cron job to update the Groups`.
2018-10-19 11:21:31,893 1 INFO odoo werkzeug: 172.25.0.1 - - [19/Oct/2018 11:21:31] "GET /web/database/manager HTTP/1.1" 200 -
2018-10-19 11:21:32,909 1 INFO odoo werkzeug: 172.25.0.1 - - [19/Oct/2018 11:21:32] "GET /web?db=odoo HTTP/1.1" 303 -
2018-10-19 11:21:33,077 1 INFO odoo werkzeug: 172.25.0.1 - - [19/Oct/2018 11:21:33] "GET /web/login HTTP/1.1" 200 -
2018-10-19 11:21:33,352 1 INFO odoo werkzeug: 172.25.0.1 - - [19/Oct/2018 11:21:33] "GET /web/webclient/qweb?mods= HTTP/1.1" 304 -
2018-10-19 11:21:33,357 1 INFO odoo werkzeug: 172.25.0.1 - - [19/Oct/2018 11:21:33] "POST /web/webclient/bootstrap_translations HTTP/1.1" 200 -
2018-10-19 11:21:36,082 1 INFO odoo odoo.addons.base.res.res_users: Login successful for db:odoo login:admin from 172.25.0.1
2018-10-19 11:21:36,143 1 INFO odoo odoo.modules.registry: At least one model cache has been invalidated, signaling through the database.
2018-10-19 11:21:36,147 1 INFO odoo werkzeug: 172.25.0.1 - - [19/Oct/2018 11:21:36] "POST /web/login HTTP/1.1" 200 -
2018-10-19 11:21:39,073 1 INFO odoo odoo.modules.registry: At least one model cache has been invalidated, signaling through the database.
2018-10-19 11:21:39,075 1 INFO odoo werkzeug: 172.25.0.1 - - [19/Oct/2018 11:21:39] "GET /web HTTP/1.1" 200 -
2018-10-19 11:21:39,110 1 INFO odoo werkzeug: 172.25.0.1 - - [19/Oct/2018 11:21:39] "GET /web/content/342-bf3468f/web.assets_backend.0.css HTTP/1.1" 200 -
2018-10-19 11:21:39,122 1 INFO odoo werkzeug: 172.25.0.1 - - [19/Oct/2018 11:21:39] "GET /web/content/343-bf3468f/web.assets_backend.1.css HTTP/1.1" 200 -
2018-10-19 11:21:39,155 1 INFO odoo werkzeug: 172.25.0.1 - - [19/Oct/2018 11:21:39] "GET /web/content/346-bf3468f/web.assets_backend.js HTTP/1.1" 200 -
2018-10-19 11:21:39,379 1 INFO odoo werkzeug: 172.25.0.1 - - [19/Oct/2018 11:21:39] "GET /web/webclient/qweb?mods=web,base,base_import,iap,muk_utils,web_diagram,web_editor,web_kanban_gauge,web_planner,web_settings_dashboard,web_tour HTTP/1.1" 200 -
2018-10-19 11:21:39,433 1 INFO odoo werkzeug: 172.25.0.1 - - [19/Oct/2018 11:21:39] "POST /web/webclient/translations HTTP/1.1" 200 -
2018-10-19 11:21:39,455 1 INFO odoo werkzeug: 172.25.0.1 - - [19/Oct/2018 11:21:39] "POST /web/dataset/call HTTP/1.1" 200 -
2018-10-19 11:21:39,551 1 INFO odoo werkzeug: 172.25.0.1 - - [19/Oct/2018 11:21:39] "POST /web/dataset/call_kw/web.planner/search_read HTTP/1.1" 200 -
2018-10-19 11:21:39,570 1 INFO odoo werkzeug: 172.25.0.1 - - [19/Oct/2018 11:21:39] "POST /web/dataset/call_kw/res.users/read HTTP/1.1" 200 -
2018-10-19 11:21:39,583 1 INFO odoo werkzeug: 172.25.0.1 - - [19/Oct/2018 11:21:39] "GET /web/image?model=res.users&field=image_small&id=1 HTTP/1.1" 200 -
2018-10-19 11:21:39,677 1 INFO odoo werkzeug: 172.25.0.1 - - [19/Oct/2018 11:21:39] "POST /web/action/load HTTP/1.1" 200 -
2018-10-19 11:21:39,835 1 INFO odoo werkzeug: 172.25.0.1 - - [19/Oct/2018 11:21:39] "POST /web/dataset/call_kw/ir.module.module/load_views HTTP/1.1" 200 -
2018-10-19 11:21:39,902 1 INFO odoo werkzeug: 172.25.0.1 - - [19/Oct/2018 11:21:39] "POST /web/dataset/search_read HTTP/1.1" 200 -
2018-10-19 11:21:50,749 1 INFO odoo werkzeug: 172.25.0.1 - - [19/Oct/2018 11:21:50] "GET /web?debug HTTP/1.1" 200 -
2018-10-19 11:21:50,932 1 INFO odoo werkzeug: 172.25.0.1 - - [19/Oct/2018 11:21:50] "GET /web/webclient/qweb?mods=web,base,base_import,iap,muk_utils,web_diagram,web_editor,web_kanban_gauge,web_planner,web_settings_dashboard,web_tour HTTP/1.1" 200 -
2018-10-19 11:21:50,987 1 INFO odoo werkzeug: 172.25.0.1 - - [19/Oct/2018 11:21:50] "POST /web/dataset/call HTTP/1.1" 200 -
2018-10-19 11:21:51,093 1 INFO odoo werkzeug: 172.25.0.1 - - [19/Oct/2018 11:21:51] "POST /web/webclient/translations HTTP/1.1" 200 -
2018-10-19 11:21:51,178 1 INFO odoo werkzeug: 172.25.0.1 - - [19/Oct/2018 11:21:51] "POST /web/dataset/call_kw/ir.model.data/xmlid_to_res_id HTTP/1.1" 200 -
2018-10-19 11:21:51,201 1 INFO odoo werkzeug: 172.25.0.1 - - [19/Oct/2018 11:21:51] "POST /web/dataset/call_kw/res.users/has_group HTTP/1.1" 200 -
2018-10-19 11:21:51,204 1 INFO odoo werkzeug: 172.25.0.1 - - [19/Oct/2018 11:21:51] "POST /web/dataset/call_kw/ir.ui.view/check_access_rights HTTP/1.1" 200 -
2018-10-19 11:21:51,213 1 INFO odoo werkzeug: 172.25.0.1 - - [19/Oct/2018 11:21:51] "POST /web/dataset/call_kw/res.users/check_access_rights HTTP/1.1" 200 -
2018-10-19 11:21:51,216 1 INFO odoo werkzeug: 172.25.0.1 - - [19/Oct/2018 11:21:51] "POST /web/dataset/call_kw/web.planner/search_read HTTP/1.1" 200 -
2018-10-19 11:21:51,248 1 INFO odoo werkzeug: 172.25.0.1 - - [19/Oct/2018 11:21:51] "GET /web/image?model=res.users&field=image_small&id=1 HTTP/1.1" 304 -
2018-10-19 11:21:51,268 1 INFO odoo werkzeug: 172.25.0.1 - - [19/Oct/2018 11:21:51] "POST /web/action/load HTTP/1.1" 200 -
2018-10-19 11:21:51,370 1 INFO odoo werkzeug: 172.25.0.1 - - [19/Oct/2018 11:21:51] "POST /web/dataset/call_kw/ir.module.module/load_views HTTP/1.1" 200 -
2018-10-19 11:21:51,435 1 INFO odoo werkzeug: 172.25.0.1 - - [19/Oct/2018 11:21:51] "POST /web/dataset/search_read HTTP/1.1" 200 -
2018-10-19 11:21:52,552 1 INFO odoo werkzeug: 172.25.0.1 - - [19/Oct/2018 11:21:52] "POST /web/action/load HTTP/1.1" 200 -
2018-10-19 11:21:52,578 1 INFO odoo werkzeug: 172.25.0.1 - - [19/Oct/2018 11:21:52] "POST /web/dataset/call_kw/base.module.update/load_views HTTP/1.1" 200 -
2018-10-19 11:21:52,591 1 INFO odoo werkzeug: 172.25.0.1 - - [19/Oct/2018 11:21:52] "POST /web/dataset/call_kw/base.module.update/default_get HTTP/1.1" 200 -
2018-10-19 11:21:52,631 1 INFO ? werkzeug: 172.25.0.1 - - [19/Oct/2018 11:21:52] "GET /web/static/src/xml/dialog.xml?debug=1539948112621 HTTP/1.1" 200 -
2018-10-19 11:21:52,658 1 INFO odoo werkzeug: 172.25.0.1 - - [19/Oct/2018 11:21:52] "POST /web/dataset/call_kw/res.users/check_access_rights HTTP/1.1" 200 -
2018-10-19 11:21:52,662 1 INFO odoo werkzeug: 172.25.0.1 - - [19/Oct/2018 11:21:52] "POST /web/dataset/call_kw/ir.model.data/xmlid_to_res_id HTTP/1.1" 200 -
2018-10-19 11:21:52,668 1 INFO odoo werkzeug: 172.25.0.1 - - [19/Oct/2018 11:21:52] "POST /web/dataset/call_kw/ir.ui.view/check_access_rights HTTP/1.1" 200 -
2018-10-19 11:21:53,937 1 INFO odoo werkzeug: 172.25.0.1 - - [19/Oct/2018 11:21:53] "POST /web/dataset/call_kw/base.module.update/create HTTP/1.1" 200 -
2018-10-19 11:21:53,949 1 INFO odoo werkzeug: 172.25.0.1 - - [19/Oct/2018 11:21:53] "POST /web/dataset/call_kw/base.module.update/read HTTP/1.1" 200 -
2018-10-19 11:21:53,963 1 INFO odoo odoo.addons.base.module.module: ALLOW access to module.update_list on [] to user admin #1 via 172.25.0.1
2018-10-19 11:21:54,636 1 INFO odoo werkzeug: 172.25.0.1 - - [19/Oct/2018 11:21:54] "POST /web/dataset/call_button HTTP/1.1" 200 -
2018-10-19 11:21:57,255 1 INFO odoo werkzeug: 172.25.0.1 - - [19/Oct/2018 11:21:57] "POST /web/dataset/search_read HTTP/1.1" 200 -
2018-10-19 11:22:03,952 1 INFO odoo werkzeug: 172.25.0.1 - - [19/Oct/2018 11:22:03] "POST /web/dataset/search_read HTTP/1.1" 200 -
2018-10-19 11:22:03,998 1 INFO ? werkzeug: 172.25.0.1 - - [19/Oct/2018 11:22:03] "GET /wpd_guest_book/static/description/icon.png HTTP/1.1" 200 -
2018-10-19 11:22:03,999 1 INFO ? werkzeug: 172.25.0.1 - - [19/Oct/2018 11:22:03] "GET /meeting_rooms/static/description/icon.png HTTP/1.1" 200 -
2018-10-19 11:22:04,002 1 INFO ? werkzeug: 172.25.0.1 - - [19/Oct/2018 11:22:04] "GET /website_support/static/description/icon.png HTTP/1.1" 200 -
2018-10-19 11:22:04,005 1 INFO ? werkzeug: 172.25.0.1 - - [19/Oct/2018 11:22:04] "GET /wpd_website_blog/static/description/icon.png HTTP/1.1" 200 -
